{"/Users/bentley/JSClass/tome-project/server/server.js": {"path":"/Users/bentley/JSClass/tome-project/server/server.js","statementMap":{"0":{"start":{"line":2,"column":0},"end":{"line":2,"column":27}},"1":{"start":{"line":3,"column":16},"end":{"line":3,"column":34}},"2":{"start":{"line":4,"column":13},"end":{"line":4,"column":28}},"3":{"start":{"line":6,"column":13},"end":{"line":6,"column":28}},"4":{"start":{"line":7,"column":31},"end":{"line":7,"column":55}},"5":{"start":{"line":8,"column":15},"end":{"line":8,"column":34}},"6":{"start":{"line":9,"column":23},"end":{"line":9,"column":51}},"7":{"start":{"line":10,"column":18},"end":{"line":10,"column":41}},"8":{"start":{"line":13,"column":15},"end":{"line":13,"column":24}},"9":{"start":{"line":14,"column":0},"end":{"line":14,"column":27}},"10":{"start":{"line":16,"column":0},"end":{"line":20,"column":6}},"11":{"start":{"line":23,"column":0},"end":{"line":23,"column":24}},"12":{"start":{"line":24,"column":0},"end":{"line":24,"column":32}},"13":{"start":{"line":25,"column":0},"end":{"line":25,"column":40}},"14":{"start":{"line":26,"column":0},"end":{"line":26,"column":30}},"15":{"start":{"line":30,"column":0},"end":{"line":35,"column":1}},"16":{"start":{"line":31,"column":4},"end":{"line":31,"column":71}},"17":{"start":{"line":38,"column":0},"end":{"line":38,"column":24}}},"fnMap":{},"branchMap":{"0":{"loc":{"start":{"line":30,"column":0},"end":{"line":35,"column":1}},"type":"if","locations":[{"start":{"line":30,"column":0},"end":{"line":35,"column":1}},{"start":{},"end":{}}],"line":30}},"s":{"0":2,"1":2,"2":2,"3":2,"4":2,"5":2,"6":2,"7":2,"8":2,"9":2,"10":2,"11":2,"12":2,"13":2,"14":2,"15":2,"16":0,"17":2},"f":{},"b":{"0":[0,2]},"_coverageSchema":"1a1c01bbd47fc00a2c39e90264f33305004495a9","hash":"c48ec9767e8c10ab041b8a660444df244a1cd53e"}
,"/Users/bentley/JSClass/tome-project/server/daos/artworks.js": {"path":"/Users/bentley/JSClass/tome-project/server/daos/artworks.js","statementMap":{"0":{"start":{"line":3,"column":17},"end":{"line":3,"column":36}},"1":{"start":{"line":4,"column":19},"end":{"line":4,"column":43}},"2":{"start":{"line":5,"column":15},"end":{"line":5,"column":32}},"3":{"start":{"line":6,"column":16},"end":{"line":6,"column":44}},"4":{"start":{"line":9,"column":0},"end":{"line":13,"column":3}},"5":{"start":{"line":16,"column":0},"end":{"line":21,"column":1}},"6":{"start":{"line":17,"column":16},"end":{"line":19,"column":6}},"7":{"start":{"line":20,"column":4},"end":{"line":20,"column":15}},"8":{"start":{"line":24,"column":0},"end":{"line":32,"column":2}},"9":{"start":{"line":25,"column":4},"end":{"line":27,"column":5}},"10":{"start":{"line":26,"column":8},"end":{"line":26,"column":117}},"11":{"start":{"line":28,"column":4},"end":{"line":28,"column":33}},"12":{"start":{"line":29,"column":4},"end":{"line":29,"column":30}},"13":{"start":{"line":30,"column":27},"end":{"line":30,"column":73}},"14":{"start":{"line":31,"column":4},"end":{"line":31,"column":26}},"15":{"start":{"line":35,"column":0},"end":{"line":43,"column":2}},"16":{"start":{"line":36,"column":21},"end":{"line":36,"column":41}},"17":{"start":{"line":37,"column":4},"end":{"line":42,"column":8}},"18":{"start":{"line":37,"column":30},"end":{"line":42,"column":5}},"19":{"start":{"line":46,"column":0},"end":{"line":48,"column":2}},"20":{"start":{"line":47,"column":4},"end":{"line":47,"column":47}},"21":{"start":{"line":51,"column":0},"end":{"line":54,"column":2}},"22":{"start":{"line":52,"column":20},"end":{"line":52,"column":46}},"23":{"start":{"line":53,"column":4},"end":{"line":53,"column":19}},"24":{"start":{"line":57,"column":0},"end":{"line":66,"column":1}},"25":{"start":{"line":58,"column":4},"end":{"line":60,"column":5}},"26":{"start":{"line":59,"column":8},"end":{"line":59,"column":76}},"27":{"start":{"line":61,"column":27},"end":{"line":64,"column":6}},"28":{"start":{"line":65,"column":4},"end":{"line":65,"column":26}}},"fnMap":{"0":{"name":"(anonymous_0)","decl":{"start":{"line":16,"column":30},"end":{"line":16,"column":31}},"loc":{"start":{"line":16,"column":46},"end":{"line":21,"column":1}},"line":16},"1":{"name":"(anonymous_1)","decl":{"start":{"line":24,"column":31},"end":{"line":24,"column":32}},"loc":{"start":{"line":24,"column":60},"end":{"line":32,"column":1}},"line":24},"2":{"name":"(anonymous_2)","decl":{"start":{"line":35,"column":29},"end":{"line":35,"column":30}},"loc":{"start":{"line":35,"column":41},"end":{"line":43,"column":1}},"line":35},"3":{"name":"(anonymous_3)","decl":{"start":{"line":37,"column":24},"end":{"line":37,"column":25}},"loc":{"start":{"line":37,"column":30},"end":{"line":42,"column":5}},"line":37},"4":{"name":"(anonymous_4)","decl":{"start":{"line":46,"column":37},"end":{"line":46,"column":38}},"loc":{"start":{"line":46,"column":55},"end":{"line":48,"column":1}},"line":46},"5":{"name":"(anonymous_5)","decl":{"start":{"line":51,"column":32},"end":{"line":51,"column":33}},"loc":{"start":{"line":51,"column":46},"end":{"line":54,"column":1}},"line":51},"6":{"name":"(anonymous_6)","decl":{"start":{"line":57,"column":31},"end":{"line":57,"column":32}},"loc":{"start":{"line":57,"column":62},"end":{"line":66,"column":1}},"line":57}},"branchMap":{"0":{"loc":{"start":{"line":25,"column":4},"end":{"line":27,"column":5}},"type":"if","locations":[{"start":{"line":25,"column":4},"end":{"line":27,"column":5}},{"start":{},"end":{}}],"line":25},"1":{"loc":{"start":{"line":25,"column":8},"end":{"line":25,"column":29}},"type":"binary-expr","locations":[{"start":{"line":25,"column":8},"end":{"line":25,"column":15}},{"start":{"line":25,"column":19},"end":{"line":25,"column":29}}],"line":25},"2":{"loc":{"start":{"line":58,"column":4},"end":{"line":60,"column":5}},"type":"if","locations":[{"start":{"line":58,"column":4},"end":{"line":60,"column":5}},{"start":{},"end":{}}],"line":58},"3":{"loc":{"start":{"line":58,"column":8},"end":{"line":58,"column":31}},"type":"binary-expr","locations":[{"start":{"line":58,"column":8},"end":{"line":58,"column":11}},{"start":{"line":58,"column":15},"end":{"line":58,"column":31}}],"line":58}},"s":{"0":2,"1":2,"2":2,"3":2,"4":2,"5":2,"6":0,"7":0,"8":2,"9":0,"10":0,"11":0,"12":0,"13":0,"14":0,"15":2,"16":0,"17":0,"18":0,"19":2,"20":0,"21":2,"22":0,"23":0,"24":2,"25":0,"26":0,"27":0,"28":0},"f":{"0":0,"1":0,"2":0,"3":0,"4":0,"5":0,"6":0},"b":{"0":[0,0],"1":[0,0],"2":[0,0],"3":[0,0]},"_coverageSchema":"1a1c01bbd47fc00a2c39e90264f33305004495a9","hash":"8ce1f1f03c6e9632aa2709b4878f6905434f9533"}
,"/Users/bentley/JSClass/tome-project/server/daos/auth.js": {"path":"/Users/bentley/JSClass/tome-project/server/daos/auth.js","statementMap":{"0":{"start":{"line":2,"column":17},"end":{"line":2,"column":36}},"1":{"start":{"line":3,"column":15},"end":{"line":3,"column":32}},"2":{"start":{"line":4,"column":13},"end":{"line":4,"column":38}},"3":{"start":{"line":9,"column":25},"end":{"line":9,"column":52}},"4":{"start":{"line":10,"column":4},"end":{"line":17,"column":5}},"5":{"start":{"line":11,"column":8},"end":{"line":11,"column":78}},"6":{"start":{"line":12,"column":8},"end":{"line":12,"column":20}},"7":{"start":{"line":15,"column":21},"end":{"line":15,"column":78}},"8":{"start":{"line":16,"column":8},"end":{"line":16,"column":20}},"9":{"start":{"line":22,"column":17},"end":{"line":22,"column":44}},"10":{"start":{"line":23,"column":4},"end":{"line":26,"column":5}},"11":{"start":{"line":24,"column":8},"end":{"line":24,"column":62}},"12":{"start":{"line":25,"column":8},"end":{"line":25,"column":25}},"13":{"start":{"line":29,"column":29},"end":{"line":29,"column":79}},"14":{"start":{"line":30,"column":4},"end":{"line":30,"column":47}},"15":{"start":{"line":36,"column":17},"end":{"line":36,"column":44}},"16":{"start":{"line":39,"column":4},"end":{"line":41,"column":5}},"17":{"start":{"line":40,"column":8},"end":{"line":40,"column":25}},"18":{"start":{"line":43,"column":24},"end":{"line":43,"column":74}},"19":{"start":{"line":44,"column":4},"end":{"line":44,"column":23}},"20":{"start":{"line":49,"column":4},"end":{"line":49,"column":39}},"21":{"start":{"line":54,"column":4},"end":{"line":54,"column":35}},"22":{"start":{"line":61,"column":4},"end":{"line":61,"column":77}},"23":{"start":{"line":65,"column":0},"end":{"line":72,"column":1}}},"fnMap":{"0":{"name":"createUser","decl":{"start":{"line":7,"column":15},"end":{"line":7,"column":25}},"loc":{"start":{"line":7,"column":70},"end":{"line":18,"column":1}},"line":7},"1":{"name":"login","decl":{"start":{"line":21,"column":15},"end":{"line":21,"column":20}},"loc":{"start":{"line":21,"column":44},"end":{"line":31,"column":1}},"line":21},"2":{"name":"changePswd","decl":{"start":{"line":34,"column":15},"end":{"line":34,"column":25}},"loc":{"start":{"line":34,"column":48},"end":{"line":45,"column":1}},"line":34},"3":{"name":"getUserByEmail","decl":{"start":{"line":48,"column":15},"end":{"line":48,"column":29}},"loc":{"start":{"line":48,"column":37},"end":{"line":50,"column":1}},"line":48},"4":{"name":"getUserById","decl":{"start":{"line":53,"column":15},"end":{"line":53,"column":26}},"loc":{"start":{"line":53,"column":31},"end":{"line":55,"column":1}},"line":53},"5":{"name":"updateUserPassword","decl":{"start":{"line":60,"column":15},"end":{"line":60,"column":33}},"loc":{"start":{"line":60,"column":59},"end":{"line":62,"column":1}},"line":60}},"branchMap":{"0":{"loc":{"start":{"line":7,"column":49},"end":{"line":7,"column":67}},"type":"default-arg","locations":[{"start":{"line":7,"column":57},"end":{"line":7,"column":67}}],"line":7},"1":{"loc":{"start":{"line":10,"column":4},"end":{"line":17,"column":5}},"type":"if","locations":[{"start":{"line":10,"column":4},"end":{"line":17,"column":5}},{"start":{"line":13,"column":11},"end":{"line":17,"column":5}}],"line":10},"2":{"loc":{"start":{"line":23,"column":4},"end":{"line":26,"column":5}},"type":"if","locations":[{"start":{"line":23,"column":4},"end":{"line":26,"column":5}},{"start":{},"end":{}}],"line":23},"3":{"loc":{"start":{"line":30,"column":11},"end":{"line":30,"column":46}},"type":"cond-expr","locations":[{"start":{"line":30,"column":30},"end":{"line":30,"column":34}},{"start":{"line":30,"column":37},"end":{"line":30,"column":46}}],"line":30},"4":{"loc":{"start":{"line":39,"column":4},"end":{"line":41,"column":5}},"type":"if","locations":[{"start":{"line":39,"column":4},"end":{"line":41,"column":5}},{"start":{},"end":{}}],"line":39}},"s":{"0":2,"1":2,"2":2,"3":31,"4":31,"5":0,"6":0,"7":31,"8":31,"9":23,"10":23,"11":1,"12":1,"13":22,"14":22,"15":0,"16":0,"17":0,"18":0,"19":0,"20":32,"21":2,"22":2,"23":2},"f":{"0":31,"1":23,"2":0,"3":32,"4":2,"5":2},"b":{"0":[31],"1":[0,31],"2":[1,22],"3":[18,4],"4":[0,0]},"_coverageSchema":"1a1c01bbd47fc00a2c39e90264f33305004495a9","hash":"4df9082e24f7e4e1a17a17e5ad506a704774eb7b"}
,"/Users/bentley/JSClass/tome-project/server/daos/tags.js": {"path":"/Users/bentley/JSClass/tome-project/server/daos/tags.js","statementMap":{"0":{"start":{"line":3,"column":17},"end":{"line":3,"column":36}},"1":{"start":{"line":5,"column":12},"end":{"line":5,"column":37}},"2":{"start":{"line":8,"column":0},"end":{"line":16,"column":2}},"3":{"start":{"line":9,"column":4},"end":{"line":11,"column":5}},"4":{"start":{"line":10,"column":8},"end":{"line":10,"column":110}},"5":{"start":{"line":12,"column":4},"end":{"line":12,"column":33}},"6":{"start":{"line":13,"column":4},"end":{"line":13,"column":30}},"7":{"start":{"line":14,"column":23},"end":{"line":14,"column":65}},"8":{"start":{"line":15,"column":4},"end":{"line":15,"column":22}},"9":{"start":{"line":19,"column":0},"end":{"line":22,"column":2}},"10":{"start":{"line":20,"column":17},"end":{"line":20,"column":33}},"11":{"start":{"line":21,"column":4},"end":{"line":21,"column":16}}},"fnMap":{"0":{"name":"(anonymous_0)","decl":{"start":{"line":8,"column":27},"end":{"line":8,"column":28}},"loc":{"start":{"line":8,"column":39},"end":{"line":16,"column":1}},"line":8},"1":{"name":"(anonymous_1)","decl":{"start":{"line":19,"column":33},"end":{"line":19,"column":34}},"loc":{"start":{"line":19,"column":51},"end":{"line":22,"column":1}},"line":19}},"branchMap":{"0":{"loc":{"start":{"line":9,"column":4},"end":{"line":11,"column":5}},"type":"if","locations":[{"start":{"line":9,"column":4},"end":{"line":11,"column":5}},{"start":{},"end":{}}],"line":9},"1":{"loc":{"start":{"line":9,"column":8},"end":{"line":9,"column":29}},"type":"binary-expr","locations":[{"start":{"line":9,"column":8},"end":{"line":9,"column":15}},{"start":{"line":9,"column":19},"end":{"line":9,"column":29}}],"line":9}},"s":{"0":2,"1":2,"2":2,"3":0,"4":0,"5":0,"6":0,"7":0,"8":0,"9":2,"10":0,"11":0},"f":{"0":0,"1":0},"b":{"0":[0,0],"1":[0,0]},"_coverageSchema":"1a1c01bbd47fc00a2c39e90264f33305004495a9","hash":"e2915af9280aa3a83f9d44bb2aa55c3f3a18bb0d"}
,"/Users/bentley/JSClass/tome-project/server/models/artwork.js": {"path":"/Users/bentley/JSClass/tome-project/server/models/artwork.js","statementMap":{"0":{"start":{"line":2,"column":17},"end":{"line":2,"column":36}},"1":{"start":{"line":4,"column":22},"end":{"line":20,"column":2}},"2":{"start":{"line":22,"column":0},"end":{"line":22,"column":57}}},"fnMap":{},"branchMap":{},"s":{"0":2,"1":2,"2":2},"f":{},"b":{},"_coverageSchema":"1a1c01bbd47fc00a2c39e90264f33305004495a9","hash":"e820e80af881e097bd822c8df73d09adafb717db"}
,"/Users/bentley/JSClass/tome-project/server/models/tags.js": {"path":"/Users/bentley/JSClass/tome-project/server/models/tags.js","statementMap":{"0":{"start":{"line":1,"column":17},"end":{"line":1,"column":36}},"1":{"start":{"line":3,"column":18},"end":{"line":7,"column":2}},"2":{"start":{"line":9,"column":0},"end":{"line":9,"column":50}}},"fnMap":{},"branchMap":{},"s":{"0":2,"1":2,"2":2},"f":{},"b":{},"_coverageSchema":"1a1c01bbd47fc00a2c39e90264f33305004495a9","hash":"f7acb5a0db29450861331aadd96ce682ffb417b1"}
,"/Users/bentley/JSClass/tome-project/server/models/user.js": {"path":"/Users/bentley/JSClass/tome-project/server/models/user.js","statementMap":{"0":{"start":{"line":2,"column":17},"end":{"line":2,"column":36}},"1":{"start":{"line":4,"column":19},"end":{"line":11,"column":2}},"2":{"start":{"line":13,"column":13},"end":{"line":13,"column":47}},"3":{"start":{"line":15,"column":0},"end":{"line":15,"column":22}}},"fnMap":{},"branchMap":{},"s":{"0":2,"1":2,"2":2,"3":2},"f":{},"b":{},"_coverageSchema":"1a1c01bbd47fc00a2c39e90264f33305004495a9","hash":"b13042722f0c6181b97b4a77bb9b5a0beb6c08bb"}
,"/Users/bentley/JSClass/tome-project/server/routes/artworks.js": {"path":"/Users/bentley/JSClass/tome-project/server/routes/artworks.js","statementMap":{"0":{"start":{"line":3,"column":0},"end":{"line":3,"column":27}},"1":{"start":{"line":4,"column":19},"end":{"line":4,"column":37}},"2":{"start":{"line":5,"column":19},"end":{"line":5,"column":43}},"3":{"start":{"line":6,"column":13},"end":{"line":6,"column":28}},"4":{"start":{"line":7,"column":15},"end":{"line":7,"column":32}},"5":{"start":{"line":8,"column":15},"end":{"line":8,"column":57}},"6":{"start":{"line":10,"column":15},"end":{"line":10,"column":23}},"7":{"start":{"line":11,"column":25},"end":{"line":11,"column":52}},"8":{"start":{"line":12,"column":19},"end":{"line":12,"column":46}},"9":{"start":{"line":13,"column":27},"end":{"line":13,"column":44}},"10":{"start":{"line":16,"column":16},"end":{"line":16,"column":42}},"11":{"start":{"line":17,"column":15},"end":{"line":19,"column":2}},"12":{"start":{"line":22,"column":0},"end":{"line":48,"column":3}},"13":{"start":{"line":23,"column":19},"end":{"line":23,"column":31}},"14":{"start":{"line":24,"column":18},"end":{"line":24,"column":32}},"15":{"start":{"line":26,"column":4},"end":{"line":47,"column":5}},"16":{"start":{"line":27,"column":8},"end":{"line":43,"column":9}},"17":{"start":{"line":28,"column":12},"end":{"line":28,"column":89}},"18":{"start":{"line":30,"column":28},"end":{"line":30,"column":76}},"19":{"start":{"line":31,"column":12},"end":{"line":33,"column":13}},"20":{"start":{"line":32,"column":16},"end":{"line":32,"column":80}},"21":{"start":{"line":35,"column":24},"end":{"line":35,"column":71}},"22":{"start":{"line":36,"column":26},"end":{"line":36,"column":72}},"23":{"start":{"line":37,"column":27},"end":{"line":37,"column":54}},"24":{"start":{"line":38,"column":12},"end":{"line":38,"column":46}},"25":{"start":{"line":39,"column":12},"end":{"line":39,"column":33}},"26":{"start":{"line":40,"column":12},"end":{"line":40,"column":29}},"27":{"start":{"line":42,"column":12},"end":{"line":42,"column":49}},"28":{"start":{"line":46,"column":8},"end":{"line":46,"column":16}},"29":{"start":{"line":51,"column":0},"end":{"line":62,"column":3}},"30":{"start":{"line":52,"column":23},"end":{"line":52,"column":48}},"31":{"start":{"line":54,"column":4},"end":{"line":56,"column":5}},"32":{"start":{"line":55,"column":8},"end":{"line":55,"column":84}},"33":{"start":{"line":58,"column":19},"end":{"line":58,"column":31}},"34":{"start":{"line":59,"column":21},"end":{"line":59,"column":65}},"35":{"start":{"line":60,"column":4},"end":{"line":60,"column":30}},"36":{"start":{"line":65,"column":0},"end":{"line":85,"column":3}},"37":{"start":{"line":66,"column":18},"end":{"line":66,"column":32}},"38":{"start":{"line":68,"column":4},"end":{"line":83,"column":5}},"39":{"start":{"line":71,"column":8},"end":{"line":73,"column":9}},"40":{"start":{"line":72,"column":12},"end":{"line":72,"column":97}},"41":{"start":{"line":74,"column":24},"end":{"line":74,"column":70}},"42":{"start":{"line":75,"column":8},"end":{"line":77,"column":9}},"43":{"start":{"line":76,"column":12},"end":{"line":76,"column":72}},"44":{"start":{"line":79,"column":8},"end":{"line":79,"column":45}},"45":{"start":{"line":82,"column":8},"end":{"line":82,"column":16}},"46":{"start":{"line":98,"column":0},"end":{"line":98,"column":24}}},"fnMap":{"0":{"name":"(anonymous_0)","decl":{"start":{"line":22,"column":57},"end":{"line":22,"column":58}},"loc":{"start":{"line":22,"column":83},"end":{"line":48,"column":1}},"line":22},"1":{"name":"(anonymous_1)","decl":{"start":{"line":51,"column":32},"end":{"line":51,"column":33}},"loc":{"start":{"line":51,"column":58},"end":{"line":62,"column":1}},"line":51},"2":{"name":"(anonymous_2)","decl":{"start":{"line":65,"column":35},"end":{"line":65,"column":36}},"loc":{"start":{"line":65,"column":61},"end":{"line":85,"column":1}},"line":65}},"branchMap":{"0":{"loc":{"start":{"line":27,"column":8},"end":{"line":43,"column":9}},"type":"if","locations":[{"start":{"line":27,"column":8},"end":{"line":43,"column":9}},{"start":{"line":29,"column":15},"end":{"line":43,"column":9}}],"line":27},"1":{"loc":{"start":{"line":27,"column":12},"end":{"line":27,"column":47}},"type":"binary-expr","locations":[{"start":{"line":27,"column":12},"end":{"line":27,"column":18}},{"start":{"line":27,"column":22},"end":{"line":27,"column":47}}],"line":27},"2":{"loc":{"start":{"line":31,"column":12},"end":{"line":33,"column":13}},"type":"if","locations":[{"start":{"line":31,"column":12},"end":{"line":33,"column":13}},{"start":{},"end":{}}],"line":31},"3":{"loc":{"start":{"line":54,"column":4},"end":{"line":56,"column":5}},"type":"if","locations":[{"start":{"line":54,"column":4},"end":{"line":56,"column":5}},{"start":{},"end":{}}],"line":54},"4":{"loc":{"start":{"line":54,"column":8},"end":{"line":54,"column":56}},"type":"binary-expr","locations":[{"start":{"line":54,"column":8},"end":{"line":54,"column":19}},{"start":{"line":54,"column":23},"end":{"line":54,"column":56}}],"line":54},"5":{"loc":{"start":{"line":71,"column":8},"end":{"line":73,"column":9}},"type":"if","locations":[{"start":{"line":71,"column":8},"end":{"line":73,"column":9}},{"start":{},"end":{}}],"line":71},"6":{"loc":{"start":{"line":71,"column":12},"end":{"line":71,"column":49}},"type":"binary-expr","locations":[{"start":{"line":71,"column":12},"end":{"line":71,"column":18}},{"start":{"line":71,"column":23},"end":{"line":71,"column":48}}],"line":71},"7":{"loc":{"start":{"line":75,"column":8},"end":{"line":77,"column":9}},"type":"if","locations":[{"start":{"line":75,"column":8},"end":{"line":77,"column":9}},{"start":{},"end":{}}],"line":75}},"s":{"0":2,"1":2,"2":2,"3":2,"4":2,"5":2,"6":2,"7":2,"8":2,"9":2,"10":2,"11":2,"12":2,"13":0,"14":0,"15":0,"16":0,"17":0,"18":0,"19":0,"20":0,"21":0,"22":0,"23":0,"24":0,"25":0,"26":0,"27":0,"28":0,"29":2,"30":0,"31":0,"32":0,"33":0,"34":0,"35":0,"36":2,"37":0,"38":0,"39":0,"40":0,"41":0,"42":0,"43":0,"44":0,"45":0,"46":2},"f":{"0":0,"1":0,"2":0},"b":{"0":[0,0],"1":[0,0],"2":[0,0],"3":[0,0],"4":[0,0],"5":[0,0],"6":[0,0],"7":[0,0]},"_coverageSchema":"1a1c01bbd47fc00a2c39e90264f33305004495a9","hash":"8cc8663fe994e9392d061dade95974b2b5766a59"}
,"/Users/bentley/JSClass/tome-project/server/routes/auth.js": {"path":"/Users/bentley/JSClass/tome-project/server/routes/auth.js","statementMap":{"0":{"start":{"line":2,"column":17},"end":{"line":2,"column":35}},"1":{"start":{"line":3,"column":15},"end":{"line":3,"column":23}},"2":{"start":{"line":4,"column":12},"end":{"line":4,"column":35}},"3":{"start":{"line":5,"column":16},"end":{"line":5,"column":39}},"4":{"start":{"line":6,"column":15},"end":{"line":6,"column":32}},"5":{"start":{"line":10,"column":15},"end":{"line":10,"column":37}},"6":{"start":{"line":14,"column":4},"end":{"line":47,"column":5}},"7":{"start":{"line":16,"column":27},"end":{"line":16,"column":52}},"8":{"start":{"line":19,"column":8},"end":{"line":21,"column":9}},"9":{"start":{"line":20,"column":12},"end":{"line":20,"column":87}},"10":{"start":{"line":26,"column":22},"end":{"line":26,"column":46}},"11":{"start":{"line":29,"column":8},"end":{"line":39,"column":9}},"12":{"start":{"line":31,"column":28},"end":{"line":31,"column":53}},"13":{"start":{"line":32,"column":12},"end":{"line":32,"column":31}},"14":{"start":{"line":35,"column":12},"end":{"line":35,"column":19}},"15":{"start":{"line":38,"column":12},"end":{"line":38,"column":72}},"16":{"start":{"line":45,"column":8},"end":{"line":45,"column":29}},"17":{"start":{"line":46,"column":8},"end":{"line":46,"column":92}},"18":{"start":{"line":53,"column":20},"end":{"line":57,"column":5}},"19":{"start":{"line":61,"column":18},"end":{"line":61,"column":64}},"20":{"start":{"line":62,"column":4},"end":{"line":62,"column":17}},"21":{"start":{"line":66,"column":0},"end":{"line":100,"column":3}},"22":{"start":{"line":67,"column":4},"end":{"line":99,"column":5}},"23":{"start":{"line":68,"column":36},"end":{"line":68,"column":44}},"24":{"start":{"line":70,"column":8},"end":{"line":72,"column":9}},"25":{"start":{"line":71,"column":12},"end":{"line":71,"column":87}},"26":{"start":{"line":76,"column":29},"end":{"line":76,"column":64}},"27":{"start":{"line":77,"column":8},"end":{"line":79,"column":9}},"28":{"start":{"line":78,"column":12},"end":{"line":78,"column":105}},"29":{"start":{"line":82,"column":29},"end":{"line":82,"column":60}},"30":{"start":{"line":85,"column":24},"end":{"line":85,"column":71}},"31":{"start":{"line":87,"column":8},"end":{"line":89,"column":9}},"32":{"start":{"line":88,"column":12},"end":{"line":88,"column":121}},"33":{"start":{"line":91,"column":22},"end":{"line":91,"column":42}},"34":{"start":{"line":93,"column":8},"end":{"line":93,"column":53}},"35":{"start":{"line":95,"column":8},"end":{"line":95,"column":59}},"36":{"start":{"line":97,"column":8},"end":{"line":97,"column":43}},"37":{"start":{"line":98,"column":8},"end":{"line":98,"column":81}},"38":{"start":{"line":103,"column":0},"end":{"line":123,"column":3}},"39":{"start":{"line":104,"column":4},"end":{"line":122,"column":5}},"40":{"start":{"line":105,"column":34},"end":{"line":105,"column":42}},"41":{"start":{"line":106,"column":8},"end":{"line":108,"column":9}},"42":{"start":{"line":107,"column":12},"end":{"line":107,"column":86}},"43":{"start":{"line":110,"column":21},"end":{"line":110,"column":57}},"44":{"start":{"line":112,"column":8},"end":{"line":114,"column":9}},"45":{"start":{"line":113,"column":12},"end":{"line":113,"column":78}},"46":{"start":{"line":116,"column":22},"end":{"line":116,"column":39}},"47":{"start":{"line":119,"column":8},"end":{"line":119,"column":32}},"48":{"start":{"line":121,"column":8},"end":{"line":121,"column":18}},"49":{"start":{"line":127,"column":4},"end":{"line":134,"column":7}},"50":{"start":{"line":128,"column":8},"end":{"line":131,"column":9}},"51":{"start":{"line":129,"column":12},"end":{"line":129,"column":49}},"52":{"start":{"line":130,"column":12},"end":{"line":130,"column":57}},"53":{"start":{"line":132,"column":8},"end":{"line":132,"column":39}},"54":{"start":{"line":133,"column":8},"end":{"line":133,"column":44}},"55":{"start":{"line":138,"column":0},"end":{"line":168,"column":3}},"56":{"start":{"line":139,"column":4},"end":{"line":167,"column":5}},"57":{"start":{"line":140,"column":34},"end":{"line":140,"column":42}},"58":{"start":{"line":143,"column":8},"end":{"line":145,"column":9}},"59":{"start":{"line":144,"column":12},"end":{"line":144,"column":73}},"60":{"start":{"line":147,"column":8},"end":{"line":149,"column":9}},"61":{"start":{"line":148,"column":12},"end":{"line":148,"column":97}},"62":{"start":{"line":151,"column":21},"end":{"line":151,"column":60}},"63":{"start":{"line":152,"column":8},"end":{"line":154,"column":9}},"64":{"start":{"line":153,"column":12},"end":{"line":153,"column":84}},"65":{"start":{"line":157,"column":29},"end":{"line":157,"column":60}},"66":{"start":{"line":159,"column":8},"end":{"line":159,"column":65}},"67":{"start":{"line":161,"column":22},"end":{"line":161,"column":39}},"68":{"start":{"line":163,"column":8},"end":{"line":163,"column":38}},"69":{"start":{"line":166,"column":8},"end":{"line":166,"column":18}},"70":{"start":{"line":170,"column":0},"end":{"line":170,"column":43}}},"fnMap":{"0":{"name":"authMiddleware","decl":{"start":{"line":13,"column":15},"end":{"line":13,"column":29}},"loc":{"start":{"line":13,"column":46},"end":{"line":48,"column":1}},"line":13},"1":{"name":"createToken","decl":{"start":{"line":51,"column":9},"end":{"line":51,"column":20}},"loc":{"start":{"line":51,"column":27},"end":{"line":63,"column":1}},"line":51},"2":{"name":"(anonymous_2)","decl":{"start":{"line":66,"column":23},"end":{"line":66,"column":24}},"loc":{"start":{"line":66,"column":49},"end":{"line":100,"column":1}},"line":66},"3":{"name":"(anonymous_3)","decl":{"start":{"line":103,"column":22},"end":{"line":103,"column":23}},"loc":{"start":{"line":103,"column":48},"end":{"line":123,"column":1}},"line":103},"4":{"name":"logout","decl":{"start":{"line":126,"column":9},"end":{"line":126,"column":15}},"loc":{"start":{"line":126,"column":26},"end":{"line":135,"column":1}},"line":126},"5":{"name":"(anonymous_5)","decl":{"start":{"line":127,"column":24},"end":{"line":127,"column":25}},"loc":{"start":{"line":127,"column":33},"end":{"line":134,"column":5}},"line":127},"6":{"name":"(anonymous_6)","decl":{"start":{"line":138,"column":40},"end":{"line":138,"column":41}},"loc":{"start":{"line":138,"column":66},"end":{"line":168,"column":1}},"line":138}},"branchMap":{"0":{"loc":{"start":{"line":19,"column":8},"end":{"line":21,"column":9}},"type":"if","locations":[{"start":{"line":19,"column":8},"end":{"line":21,"column":9}},{"start":{},"end":{}}],"line":19},"1":{"loc":{"start":{"line":19,"column":12},"end":{"line":19,"column":59}},"type":"binary-expr","locations":[{"start":{"line":19,"column":12},"end":{"line":19,"column":23}},{"start":{"line":19,"column":27},"end":{"line":19,"column":59}}],"line":19},"2":{"loc":{"start":{"line":70,"column":8},"end":{"line":72,"column":9}},"type":"if","locations":[{"start":{"line":70,"column":8},"end":{"line":72,"column":9}},{"start":{},"end":{}}],"line":70},"3":{"loc":{"start":{"line":70,"column":12},"end":{"line":70,"column":31}},"type":"binary-expr","locations":[{"start":{"line":70,"column":12},"end":{"line":70,"column":18}},{"start":{"line":70,"column":22},"end":{"line":70,"column":31}}],"line":70},"4":{"loc":{"start":{"line":77,"column":8},"end":{"line":79,"column":9}},"type":"if","locations":[{"start":{"line":77,"column":8},"end":{"line":79,"column":9}},{"start":{},"end":{}}],"line":77},"5":{"loc":{"start":{"line":87,"column":8},"end":{"line":89,"column":9}},"type":"if","locations":[{"start":{"line":87,"column":8},"end":{"line":89,"column":9}},{"start":{},"end":{}}],"line":87},"6":{"loc":{"start":{"line":106,"column":8},"end":{"line":108,"column":9}},"type":"if","locations":[{"start":{"line":106,"column":8},"end":{"line":108,"column":9}},{"start":{},"end":{}}],"line":106},"7":{"loc":{"start":{"line":106,"column":12},"end":{"line":106,"column":31}},"type":"binary-expr","locations":[{"start":{"line":106,"column":12},"end":{"line":106,"column":18}},{"start":{"line":106,"column":22},"end":{"line":106,"column":31}}],"line":106},"8":{"loc":{"start":{"line":112,"column":8},"end":{"line":114,"column":9}},"type":"if","locations":[{"start":{"line":112,"column":8},"end":{"line":114,"column":9}},{"start":{},"end":{}}],"line":112},"9":{"loc":{"start":{"line":128,"column":8},"end":{"line":131,"column":9}},"type":"if","locations":[{"start":{"line":128,"column":8},"end":{"line":131,"column":9}},{"start":{},"end":{}}],"line":128},"10":{"loc":{"start":{"line":143,"column":8},"end":{"line":145,"column":9}},"type":"if","locations":[{"start":{"line":143,"column":8},"end":{"line":145,"column":9}},{"start":{},"end":{}}],"line":143},"11":{"loc":{"start":{"line":143,"column":11},"end":{"line":143,"column":47}},"type":"binary-expr","locations":[{"start":{"line":143,"column":11},"end":{"line":143,"column":26}},{"start":{"line":143,"column":30},"end":{"line":143,"column":47}}],"line":143},"12":{"loc":{"start":{"line":147,"column":8},"end":{"line":149,"column":9}},"type":"if","locations":[{"start":{"line":147,"column":8},"end":{"line":149,"column":9}},{"start":{},"end":{}}],"line":147},"13":{"loc":{"start":{"line":152,"column":8},"end":{"line":154,"column":9}},"type":"if","locations":[{"start":{"line":152,"column":8},"end":{"line":154,"column":9}},{"start":{},"end":{}}],"line":152}},"s":{"0":2,"1":2,"2":2,"3":2,"4":2,"5":2,"6":11,"7":11,"8":11,"9":4,"10":7,"11":7,"12":7,"13":3,"14":3,"15":4,"16":0,"17":0,"18":51,"19":51,"20":51,"21":2,"22":34,"23":34,"24":34,"25":2,"26":32,"27":32,"28":1,"29":31,"30":31,"31":31,"32":0,"33":31,"34":31,"35":31,"36":0,"37":0,"38":2,"39":25,"40":25,"41":25,"42":2,"43":23,"44":23,"45":5,"46":18,"47":18,"48":0,"49":0,"50":0,"51":0,"52":0,"53":0,"54":0,"55":2,"56":3,"57":3,"58":3,"59":1,"60":2,"61":0,"62":2,"63":2,"64":0,"65":2,"66":2,"67":2,"68":2,"69":0,"70":2},"f":{"0":11,"1":51,"2":34,"3":25,"4":0,"5":0,"6":3},"b":{"0":[4,7],"1":[11,7],"2":[2,32],"3":[34,34],"4":[1,31],"5":[0,31],"6":[2,23],"7":[25,25],"8":[5,18],"9":[0,0],"10":[1,2],"11":[3,2],"12":[0,2],"13":[0,2]},"_coverageSchema":"1a1c01bbd47fc00a2c39e90264f33305004495a9","hash":"0a84fe4b035d02c5a87403e432c801c3bbe487bd"}
,"/Users/bentley/JSClass/tome-project/server/routes/index.js": {"path":"/Users/bentley/JSClass/tome-project/server/routes/index.js","statementMap":{"0":{"start":{"line":1,"column":19},"end":{"line":1,"column":37}},"1":{"start":{"line":2,"column":15},"end":{"line":2,"column":23}},"2":{"start":{"line":4,"column":29},"end":{"line":4,"column":46}},"3":{"start":{"line":5,"column":19},"end":{"line":5,"column":36}},"4":{"start":{"line":6,"column":23},"end":{"line":6,"column":44}},"5":{"start":{"line":7,"column":18},"end":{"line":7,"column":34}},"6":{"start":{"line":9,"column":0},"end":{"line":9,"column":32}},"7":{"start":{"line":10,"column":0},"end":{"line":10,"column":32}},"8":{"start":{"line":11,"column":0},"end":{"line":11,"column":40}},"9":{"start":{"line":12,"column":0},"end":{"line":12,"column":30}},"10":{"start":{"line":14,"column":0},"end":{"line":14,"column":24}}},"fnMap":{},"branchMap":{},"s":{"0":2,"1":2,"2":2,"3":2,"4":2,"5":2,"6":2,"7":2,"8":2,"9":2,"10":2},"f":{},"b":{},"_coverageSchema":"1a1c01bbd47fc00a2c39e90264f33305004495a9","hash":"866c4c8c543a784be7567d9e899ddee09102d92e"}
,"/Users/bentley/JSClass/tome-project/server/routes/pdf.js": {"path":"/Users/bentley/JSClass/tome-project/server/routes/pdf.js","statementMap":{"0":{"start":{"line":1,"column":16},"end":{"line":1,"column":34}},"1":{"start":{"line":2,"column":20},"end":{"line":2,"column":37}},"2":{"start":{"line":4,"column":11},"end":{"line":4,"column":24}},"3":{"start":{"line":5,"column":13},"end":{"line":5,"column":28}},"4":{"start":{"line":7,"column":15},"end":{"line":7,"column":31}},"5":{"start":{"line":8,"column":27},"end":{"line":8,"column":44}},"6":{"start":{"line":9,"column":19},"end":{"line":9,"column":46}},"7":{"start":{"line":11,"column":15},"end":{"line":11,"column":55}},"8":{"start":{"line":15,"column":0},"end":{"line":17,"column":1}},"9":{"start":{"line":16,"column":4},"end":{"line":16,"column":25}},"10":{"start":{"line":19,"column":0},"end":{"line":111,"column":3}},"11":{"start":{"line":21,"column":4},"end":{"line":110,"column":5}},"12":{"start":{"line":23,"column":23},"end":{"line":23,"column":35}},"13":{"start":{"line":26,"column":8},"end":{"line":28,"column":9}},"14":{"start":{"line":27,"column":12},"end":{"line":27,"column":91}},"15":{"start":{"line":31,"column":29},"end":{"line":31,"column":73}},"16":{"start":{"line":33,"column":8},"end":{"line":35,"column":9}},"17":{"start":{"line":34,"column":12},"end":{"line":34,"column":94}},"18":{"start":{"line":38,"column":26},"end":{"line":38,"column":72}},"19":{"start":{"line":39,"column":25},"end":{"line":39,"column":52}},"20":{"start":{"line":40,"column":25},"end":{"line":40,"column":52}},"21":{"start":{"line":43,"column":20},"end":{"line":43,"column":37}},"22":{"start":{"line":45,"column":28},"end":{"line":45,"column":58}},"23":{"start":{"line":46,"column":8},"end":{"line":46,"column":30}},"24":{"start":{"line":49,"column":8},"end":{"line":49,"column":71}},"25":{"start":{"line":50,"column":8},"end":{"line":50,"column":23}},"26":{"start":{"line":53,"column":26},"end":{"line":53,"column":99}},"27":{"start":{"line":56,"column":8},"end":{"line":98,"column":10}},"28":{"start":{"line":58,"column":30},"end":{"line":58,"column":33}},"29":{"start":{"line":60,"column":27},"end":{"line":60,"column":32}},"30":{"start":{"line":62,"column":27},"end":{"line":62,"column":32}},"31":{"start":{"line":65,"column":12},"end":{"line":67,"column":15}},"32":{"start":{"line":71,"column":26},"end":{"line":71,"column":49}},"33":{"start":{"line":72,"column":26},"end":{"line":72,"column":32}},"34":{"start":{"line":75,"column":27},"end":{"line":75,"column":32}},"35":{"start":{"line":78,"column":12},"end":{"line":83,"column":19}},"36":{"start":{"line":84,"column":12},"end":{"line":84,"column":60}},"37":{"start":{"line":86,"column":12},"end":{"line":86,"column":27}},"38":{"start":{"line":89,"column":32},"end":{"line":89,"column":41}},"39":{"start":{"line":90,"column":31},"end":{"line":90,"column":45}},"40":{"start":{"line":92,"column":30},"end":{"line":92,"column":63}},"41":{"start":{"line":94,"column":12},"end":{"line":94,"column":44}},"42":{"start":{"line":97,"column":12},"end":{"line":97,"column":42}},"43":{"start":{"line":100,"column":8},"end":{"line":100,"column":18}},"44":{"start":{"line":103,"column":8},"end":{"line":105,"column":11}},"45":{"start":{"line":104,"column":12},"end":{"line":104,"column":45}},"46":{"start":{"line":108,"column":8},"end":{"line":108,"column":72}},"47":{"start":{"line":109,"column":8},"end":{"line":109,"column":66}},"48":{"start":{"line":113,"column":0},"end":{"line":113,"column":24}}},"fnMap":{"0":{"name":"(anonymous_0)","decl":{"start":{"line":19,"column":44},"end":{"line":19,"column":45}},"loc":{"start":{"line":19,"column":64},"end":{"line":111,"column":1}},"line":19},"1":{"name":"(anonymous_1)","decl":{"start":{"line":56,"column":29},"end":{"line":56,"column":30}},"loc":{"start":{"line":56,"column":45},"end":{"line":98,"column":9}},"line":56},"2":{"name":"(anonymous_2)","decl":{"start":{"line":103,"column":33},"end":{"line":103,"column":34}},"loc":{"start":{"line":103,"column":39},"end":{"line":105,"column":9}},"line":103}},"branchMap":{"0":{"loc":{"start":{"line":15,"column":0},"end":{"line":17,"column":1}},"type":"if","locations":[{"start":{"line":15,"column":0},"end":{"line":17,"column":1}},{"start":{},"end":{}}],"line":15},"1":{"loc":{"start":{"line":26,"column":8},"end":{"line":28,"column":9}},"type":"if","locations":[{"start":{"line":26,"column":8},"end":{"line":28,"column":9}},{"start":{},"end":{}}],"line":26},"2":{"loc":{"start":{"line":33,"column":8},"end":{"line":35,"column":9}},"type":"if","locations":[{"start":{"line":33,"column":8},"end":{"line":35,"column":9}},{"start":{},"end":{}}],"line":33},"3":{"loc":{"start":{"line":33,"column":12},"end":{"line":33,"column":54}},"type":"binary-expr","locations":[{"start":{"line":33,"column":12},"end":{"line":33,"column":25}},{"start":{"line":33,"column":29},"end":{"line":33,"column":54}}],"line":33},"4":{"loc":{"start":{"line":80,"column":46},"end":{"line":80,"column":78}},"type":"binary-expr","locations":[{"start":{"line":80,"column":46},"end":{"line":80,"column":55}},{"start":{"line":80,"column":59},"end":{"line":80,"column":78}}],"line":80},"5":{"loc":{"start":{"line":84,"column":32},"end":{"line":84,"column":49}},"type":"binary-expr","locations":[{"start":{"line":84,"column":32},"end":{"line":84,"column":42}},{"start":{"line":84,"column":46},"end":{"line":84,"column":49}}],"line":84}},"s":{"0":2,"1":2,"2":2,"3":2,"4":2,"5":2,"6":2,"7":2,"8":2,"9":0,"10":2,"11":0,"12":0,"13":0,"14":0,"15":0,"16":0,"17":0,"18":0,"19":0,"20":0,"21":0,"22":0,"23":0,"24":0,"25":0,"26":0,"27":0,"28":0,"29":0,"30":0,"31":0,"32":0,"33":0,"34":0,"35":0,"36":0,"37":0,"38":0,"39":0,"40":0,"41":0,"42":0,"43":0,"44":0,"45":0,"46":0,"47":0,"48":2},"f":{"0":0,"1":0,"2":0},"b":{"0":[0,2],"1":[0,0],"2":[0,0],"3":[0,0],"4":[0,0],"5":[0,0]},"_coverageSchema":"1a1c01bbd47fc00a2c39e90264f33305004495a9","hash":"4402c5f3e4a464553848c5ecc2ee5fa52eddfd2b"}
,"/Users/bentley/JSClass/tome-project/server/routes/tags.js": {"path":"/Users/bentley/JSClass/tome-project/server/routes/tags.js","statementMap":{"0":{"start":{"line":1,"column":19},"end":{"line":1,"column":37}},"1":{"start":{"line":2,"column":15},"end":{"line":2,"column":23}},"2":{"start":{"line":4,"column":15},"end":{"line":4,"column":38}},"3":{"start":{"line":5,"column":27},"end":{"line":5,"column":44}},"4":{"start":{"line":8,"column":0},"end":{"line":10,"column":3}},"5":{"start":{"line":13,"column":0},"end":{"line":16,"column":3}},"6":{"start":{"line":14,"column":17},"end":{"line":14,"column":59}},"7":{"start":{"line":15,"column":4},"end":{"line":15,"column":19}},"8":{"start":{"line":33,"column":0},"end":{"line":33,"column":24}}},"fnMap":{"0":{"name":"(anonymous_0)","decl":{"start":{"line":8,"column":33},"end":{"line":8,"column":34}},"loc":{"start":{"line":8,"column":59},"end":{"line":10,"column":1}},"line":8},"1":{"name":"(anonymous_1)","decl":{"start":{"line":13,"column":32},"end":{"line":13,"column":33}},"loc":{"start":{"line":13,"column":58},"end":{"line":16,"column":1}},"line":13}},"branchMap":{},"s":{"0":2,"1":2,"2":2,"3":2,"4":2,"5":2,"6":0,"7":0,"8":2},"f":{"0":0,"1":0},"b":{},"_coverageSchema":"1a1c01bbd47fc00a2c39e90264f33305004495a9","hash":"91097affc1028ec7b0660d314f81bf6ecf6dcad1"}
,"/Users/bentley/JSClass/tome-project/server/testing/test-utils.js": {"path":"/Users/bentley/JSClass/tome-project/server/testing/test-utils.js","statementMap":{"0":{"start":{"line":1,"column":0},"end":{"line":1,"column":27}},"1":{"start":{"line":2,"column":17},"end":{"line":2,"column":36}},"2":{"start":{"line":3,"column":15},"end":{"line":7,"column":1}},"3":{"start":{"line":9,"column":0},"end":{"line":9,"column":20}},"4":{"start":{"line":11,"column":0},"end":{"line":14,"column":2}},"5":{"start":{"line":12,"column":2},"end":{"line":12,"column":52}},"6":{"start":{"line":13,"column":2},"end":{"line":13,"column":56}},"7":{"start":{"line":13,"column":38},"end":{"line":13,"column":53}},"8":{"start":{"line":16,"column":0},"end":{"line":18,"column":2}},"9":{"start":{"line":17,"column":2},"end":{"line":17,"column":30}},"10":{"start":{"line":20,"column":0},"end":{"line":22,"column":2}},"11":{"start":{"line":21,"column":2},"end":{"line":21,"column":63}},"12":{"start":{"line":21,"column":42},"end":{"line":21,"column":60}},"13":{"start":{"line":24,"column":0},"end":{"line":30,"column":2}},"14":{"start":{"line":25,"column":17},"end":{"line":25,"column":50}},"15":{"start":{"line":26,"column":2},"end":{"line":28,"column":3}},"16":{"start":{"line":27,"column":4},"end":{"line":27,"column":39}},"17":{"start":{"line":29,"column":2},"end":{"line":29,"column":16}},"18":{"start":{"line":32,"column":0},"end":{"line":38,"column":2}},"19":{"start":{"line":33,"column":18},"end":{"line":33,"column":48}},"20":{"start":{"line":34,"column":2},"end":{"line":36,"column":5}},"21":{"start":{"line":35,"column":4},"end":{"line":35,"column":39}},"22":{"start":{"line":37,"column":2},"end":{"line":37,"column":17}}},"fnMap":{"0":{"name":"(anonymous_0)","decl":{"start":{"line":11,"column":27},"end":{"line":11,"column":28}},"loc":{"start":{"line":11,"column":39},"end":{"line":14,"column":1}},"line":11},"1":{"name":"(anonymous_1)","decl":{"start":{"line":13,"column":31},"end":{"line":13,"column":32}},"loc":{"start":{"line":13,"column":38},"end":{"line":13,"column":53}},"line":13},"2":{"name":"(anonymous_2)","decl":{"start":{"line":16,"column":24},"end":{"line":16,"column":25}},"loc":{"start":{"line":16,"column":36},"end":{"line":18,"column":1}},"line":16},"3":{"name":"(anonymous_3)","decl":{"start":{"line":20,"column":25},"end":{"line":20,"column":26}},"loc":{"start":{"line":20,"column":37},"end":{"line":22,"column":1}},"line":20},"4":{"name":"(anonymous_4)","decl":{"start":{"line":21,"column":31},"end":{"line":21,"column":32}},"loc":{"start":{"line":21,"column":42},"end":{"line":21,"column":60}},"line":21},"5":{"name":"(anonymous_5)","decl":{"start":{"line":24,"column":25},"end":{"line":24,"column":26}},"loc":{"start":{"line":24,"column":49},"end":{"line":30,"column":1}},"line":24},"6":{"name":"(anonymous_6)","decl":{"start":{"line":32,"column":22},"end":{"line":32,"column":23}},"loc":{"start":{"line":32,"column":46},"end":{"line":38,"column":1}},"line":32},"7":{"name":"(anonymous_7)","decl":{"start":{"line":34,"column":18},"end":{"line":34,"column":19}},"loc":{"start":{"line":34,"column":30},"end":{"line":36,"column":3}},"line":34}},"branchMap":{"0":{"loc":{"start":{"line":26,"column":2},"end":{"line":28,"column":3}},"type":"if","locations":[{"start":{"line":26,"column":2},"end":{"line":28,"column":3}},{"start":{},"end":{}}],"line":26}},"s":{"0":2,"1":2,"2":2,"3":2,"4":2,"5":2,"6":2,"7":2,"8":2,"9":2,"10":2,"11":28,"12":28,"13":2,"14":0,"15":0,"16":0,"17":0,"18":2,"19":0,"20":0,"21":0,"22":0},"f":{"0":2,"1":2,"2":2,"3":28,"4":28,"5":0,"6":0,"7":0},"b":{"0":[0,0]},"_coverageSchema":"1a1c01bbd47fc00a2c39e90264f33305004495a9","hash":"419c89de224759009cd75dbfb4dc3b34d532de97"}
}
