{"/Users/bentley/JSClass/tome-project/server/server.js": {"path":"/Users/bentley/JSClass/tome-project/server/server.js","statementMap":{"0":{"start":{"line":2,"column":0},"end":{"line":2,"column":27}},"1":{"start":{"line":4,"column":16},"end":{"line":4,"column":34}},"2":{"start":{"line":7,"column":15},"end":{"line":7,"column":24}},"3":{"start":{"line":8,"column":0},"end":{"line":8,"column":27}},"4":{"start":{"line":11,"column":13},"end":{"line":11,"column":28}},"5":{"start":{"line":12,"column":15},"end":{"line":12,"column":34}},"6":{"start":{"line":13,"column":31},"end":{"line":13,"column":55}},"7":{"start":{"line":14,"column":23},"end":{"line":14,"column":51}},"8":{"start":{"line":15,"column":18},"end":{"line":15,"column":41}},"9":{"start":{"line":19,"column":0},"end":{"line":19,"column":28}},"10":{"start":{"line":20,"column":0},"end":{"line":20,"column":40}},"11":{"start":{"line":21,"column":0},"end":{"line":21,"column":30}},"12":{"start":{"line":22,"column":0},"end":{"line":22,"column":19}},"13":{"start":{"line":25,"column":0},"end":{"line":30,"column":1}},"14":{"start":{"line":26,"column":4},"end":{"line":26,"column":71}},"15":{"start":{"line":27,"column":4},"end":{"line":29,"column":7}},"16":{"start":{"line":28,"column":8},"end":{"line":28,"column":72}},"17":{"start":{"line":33,"column":0},"end":{"line":33,"column":24}}},"fnMap":{"0":{"name":"(anonymous_0)","decl":{"start":{"line":27,"column":20},"end":{"line":27,"column":21}},"loc":{"start":{"line":27,"column":34},"end":{"line":29,"column":5}},"line":27}},"branchMap":{"0":{"loc":{"start":{"line":25,"column":0},"end":{"line":30,"column":1}},"type":"if","locations":[{"start":{"line":25,"column":0},"end":{"line":30,"column":1}},{"start":{},"end":{}}],"line":25}},"s":{"0":2,"1":2,"2":2,"3":2,"4":2,"5":2,"6":2,"7":2,"8":2,"9":2,"10":2,"11":2,"12":2,"13":2,"14":0,"15":0,"16":0,"17":2},"f":{"0":0},"b":{"0":[0,2]},"_coverageSchema":"1a1c01bbd47fc00a2c39e90264f33305004495a9","hash":"56dabd50c1f1e85a98a2a639722b98bdbd981964"}
,"/Users/bentley/JSClass/tome-project/server/daos/artworks.js": {"path":"/Users/bentley/JSClass/tome-project/server/daos/artworks.js","statementMap":{"0":{"start":{"line":3,"column":17},"end":{"line":3,"column":36}},"1":{"start":{"line":5,"column":16},"end":{"line":5,"column":44}},"2":{"start":{"line":8,"column":0},"end":{"line":16,"column":2}},"3":{"start":{"line":9,"column":4},"end":{"line":11,"column":5}},"4":{"start":{"line":10,"column":8},"end":{"line":10,"column":117}},"5":{"start":{"line":12,"column":4},"end":{"line":12,"column":33}},"6":{"start":{"line":13,"column":4},"end":{"line":13,"column":30}},"7":{"start":{"line":14,"column":27},"end":{"line":14,"column":73}},"8":{"start":{"line":15,"column":4},"end":{"line":15,"column":26}},"9":{"start":{"line":19,"column":0},"end":{"line":22,"column":2}},"10":{"start":{"line":20,"column":21},"end":{"line":20,"column":41}},"11":{"start":{"line":21,"column":4},"end":{"line":21,"column":20}},"12":{"start":{"line":25,"column":0},"end":{"line":27,"column":2}},"13":{"start":{"line":26,"column":4},"end":{"line":26,"column":47}},"14":{"start":{"line":30,"column":0},"end":{"line":33,"column":2}},"15":{"start":{"line":31,"column":20},"end":{"line":31,"column":46}},"16":{"start":{"line":32,"column":4},"end":{"line":32,"column":19}},"17":{"start":{"line":36,"column":0},"end":{"line":45,"column":1}},"18":{"start":{"line":37,"column":4},"end":{"line":39,"column":5}},"19":{"start":{"line":38,"column":8},"end":{"line":38,"column":76}},"20":{"start":{"line":40,"column":27},"end":{"line":43,"column":6}},"21":{"start":{"line":44,"column":4},"end":{"line":44,"column":26}}},"fnMap":{"0":{"name":"(anonymous_0)","decl":{"start":{"line":8,"column":31},"end":{"line":8,"column":32}},"loc":{"start":{"line":8,"column":60},"end":{"line":16,"column":1}},"line":8},"1":{"name":"(anonymous_1)","decl":{"start":{"line":19,"column":29},"end":{"line":19,"column":30}},"loc":{"start":{"line":19,"column":41},"end":{"line":22,"column":1}},"line":19},"2":{"name":"(anonymous_2)","decl":{"start":{"line":25,"column":37},"end":{"line":25,"column":38}},"loc":{"start":{"line":25,"column":55},"end":{"line":27,"column":1}},"line":25},"3":{"name":"(anonymous_3)","decl":{"start":{"line":30,"column":32},"end":{"line":30,"column":33}},"loc":{"start":{"line":30,"column":46},"end":{"line":33,"column":1}},"line":30},"4":{"name":"(anonymous_4)","decl":{"start":{"line":36,"column":31},"end":{"line":36,"column":32}},"loc":{"start":{"line":36,"column":62},"end":{"line":45,"column":1}},"line":36}},"branchMap":{"0":{"loc":{"start":{"line":9,"column":4},"end":{"line":11,"column":5}},"type":"if","locations":[{"start":{"line":9,"column":4},"end":{"line":11,"column":5}},{"start":{},"end":{}}],"line":9},"1":{"loc":{"start":{"line":9,"column":8},"end":{"line":9,"column":29}},"type":"binary-expr","locations":[{"start":{"line":9,"column":8},"end":{"line":9,"column":15}},{"start":{"line":9,"column":19},"end":{"line":9,"column":29}}],"line":9},"2":{"loc":{"start":{"line":37,"column":4},"end":{"line":39,"column":5}},"type":"if","locations":[{"start":{"line":37,"column":4},"end":{"line":39,"column":5}},{"start":{},"end":{}}],"line":37},"3":{"loc":{"start":{"line":37,"column":8},"end":{"line":37,"column":31}},"type":"binary-expr","locations":[{"start":{"line":37,"column":8},"end":{"line":37,"column":11}},{"start":{"line":37,"column":15},"end":{"line":37,"column":31}}],"line":37}},"s":{"0":2,"1":2,"2":2,"3":0,"4":0,"5":0,"6":0,"7":0,"8":0,"9":2,"10":0,"11":0,"12":2,"13":0,"14":2,"15":0,"16":0,"17":2,"18":0,"19":0,"20":0,"21":0},"f":{"0":0,"1":0,"2":0,"3":0,"4":0},"b":{"0":[0,0],"1":[0,0],"2":[0,0],"3":[0,0]},"_coverageSchema":"1a1c01bbd47fc00a2c39e90264f33305004495a9","hash":"fb406163a70cd522b174180bc0435afa48ff2bc9"}
,"/Users/bentley/JSClass/tome-project/server/daos/auth.js": {"path":"/Users/bentley/JSClass/tome-project/server/daos/auth.js","statementMap":{"0":{"start":{"line":2,"column":17},"end":{"line":2,"column":36}},"1":{"start":{"line":3,"column":15},"end":{"line":3,"column":32}},"2":{"start":{"line":4,"column":13},"end":{"line":4,"column":38}},"3":{"start":{"line":9,"column":25},"end":{"line":9,"column":52}},"4":{"start":{"line":10,"column":4},"end":{"line":17,"column":5}},"5":{"start":{"line":11,"column":8},"end":{"line":11,"column":78}},"6":{"start":{"line":12,"column":8},"end":{"line":12,"column":20}},"7":{"start":{"line":15,"column":21},"end":{"line":15,"column":78}},"8":{"start":{"line":16,"column":8},"end":{"line":16,"column":20}},"9":{"start":{"line":22,"column":17},"end":{"line":22,"column":44}},"10":{"start":{"line":23,"column":4},"end":{"line":26,"column":5}},"11":{"start":{"line":24,"column":8},"end":{"line":24,"column":62}},"12":{"start":{"line":25,"column":8},"end":{"line":25,"column":25}},"13":{"start":{"line":29,"column":29},"end":{"line":29,"column":79}},"14":{"start":{"line":30,"column":4},"end":{"line":30,"column":47}},"15":{"start":{"line":36,"column":17},"end":{"line":36,"column":44}},"16":{"start":{"line":39,"column":4},"end":{"line":41,"column":5}},"17":{"start":{"line":40,"column":8},"end":{"line":40,"column":25}},"18":{"start":{"line":43,"column":24},"end":{"line":43,"column":74}},"19":{"start":{"line":44,"column":4},"end":{"line":44,"column":23}},"20":{"start":{"line":49,"column":4},"end":{"line":49,"column":39}},"21":{"start":{"line":54,"column":4},"end":{"line":54,"column":35}},"22":{"start":{"line":61,"column":4},"end":{"line":61,"column":77}},"23":{"start":{"line":65,"column":0},"end":{"line":72,"column":1}}},"fnMap":{"0":{"name":"createUser","decl":{"start":{"line":7,"column":15},"end":{"line":7,"column":25}},"loc":{"start":{"line":7,"column":70},"end":{"line":18,"column":1}},"line":7},"1":{"name":"login","decl":{"start":{"line":21,"column":15},"end":{"line":21,"column":20}},"loc":{"start":{"line":21,"column":44},"end":{"line":31,"column":1}},"line":21},"2":{"name":"changePswd","decl":{"start":{"line":34,"column":15},"end":{"line":34,"column":25}},"loc":{"start":{"line":34,"column":48},"end":{"line":45,"column":1}},"line":34},"3":{"name":"getUserByEmail","decl":{"start":{"line":48,"column":15},"end":{"line":48,"column":29}},"loc":{"start":{"line":48,"column":37},"end":{"line":50,"column":1}},"line":48},"4":{"name":"getUserById","decl":{"start":{"line":53,"column":15},"end":{"line":53,"column":26}},"loc":{"start":{"line":53,"column":31},"end":{"line":55,"column":1}},"line":53},"5":{"name":"updateUserPassword","decl":{"start":{"line":60,"column":15},"end":{"line":60,"column":33}},"loc":{"start":{"line":60,"column":59},"end":{"line":62,"column":1}},"line":60}},"branchMap":{"0":{"loc":{"start":{"line":7,"column":49},"end":{"line":7,"column":67}},"type":"default-arg","locations":[{"start":{"line":7,"column":57},"end":{"line":7,"column":67}}],"line":7},"1":{"loc":{"start":{"line":10,"column":4},"end":{"line":17,"column":5}},"type":"if","locations":[{"start":{"line":10,"column":4},"end":{"line":17,"column":5}},{"start":{"line":13,"column":11},"end":{"line":17,"column":5}}],"line":10},"2":{"loc":{"start":{"line":23,"column":4},"end":{"line":26,"column":5}},"type":"if","locations":[{"start":{"line":23,"column":4},"end":{"line":26,"column":5}},{"start":{},"end":{}}],"line":23},"3":{"loc":{"start":{"line":30,"column":11},"end":{"line":30,"column":46}},"type":"cond-expr","locations":[{"start":{"line":30,"column":30},"end":{"line":30,"column":34}},{"start":{"line":30,"column":37},"end":{"line":30,"column":46}}],"line":30},"4":{"loc":{"start":{"line":39,"column":4},"end":{"line":41,"column":5}},"type":"if","locations":[{"start":{"line":39,"column":4},"end":{"line":41,"column":5}},{"start":{},"end":{}}],"line":39}},"s":{"0":2,"1":2,"2":2,"3":31,"4":31,"5":0,"6":0,"7":31,"8":31,"9":23,"10":23,"11":1,"12":1,"13":22,"14":22,"15":0,"16":0,"17":0,"18":0,"19":0,"20":32,"21":2,"22":2,"23":2},"f":{"0":31,"1":23,"2":0,"3":32,"4":2,"5":2},"b":{"0":[31],"1":[0,31],"2":[1,22],"3":[18,4],"4":[0,0]},"_coverageSchema":"1a1c01bbd47fc00a2c39e90264f33305004495a9","hash":"4df9082e24f7e4e1a17a17e5ad506a704774eb7b"}
,"/Users/bentley/JSClass/tome-project/server/models/artwork.js": {"path":"/Users/bentley/JSClass/tome-project/server/models/artwork.js","statementMap":{"0":{"start":{"line":2,"column":17},"end":{"line":2,"column":36}},"1":{"start":{"line":4,"column":22},"end":{"line":20,"column":2}},"2":{"start":{"line":22,"column":0},"end":{"line":22,"column":57}}},"fnMap":{},"branchMap":{},"s":{"0":2,"1":2,"2":2},"f":{},"b":{},"_coverageSchema":"1a1c01bbd47fc00a2c39e90264f33305004495a9","hash":"e820e80af881e097bd822c8df73d09adafb717db"}
,"/Users/bentley/JSClass/tome-project/server/models/user.js": {"path":"/Users/bentley/JSClass/tome-project/server/models/user.js","statementMap":{"0":{"start":{"line":2,"column":17},"end":{"line":2,"column":36}},"1":{"start":{"line":4,"column":19},"end":{"line":11,"column":2}},"2":{"start":{"line":13,"column":13},"end":{"line":13,"column":47}},"3":{"start":{"line":15,"column":0},"end":{"line":15,"column":22}}},"fnMap":{},"branchMap":{},"s":{"0":2,"1":2,"2":2,"3":2},"f":{},"b":{},"_coverageSchema":"1a1c01bbd47fc00a2c39e90264f33305004495a9","hash":"b13042722f0c6181b97b4a77bb9b5a0beb6c08bb"}
,"/Users/bentley/JSClass/tome-project/server/routes/artworks.js": {"path":"/Users/bentley/JSClass/tome-project/server/routes/artworks.js","statementMap":{"0":{"start":{"line":3,"column":19},"end":{"line":3,"column":37}},"1":{"start":{"line":4,"column":15},"end":{"line":4,"column":23}},"2":{"start":{"line":6,"column":19},"end":{"line":6,"column":46}},"3":{"start":{"line":7,"column":27},"end":{"line":7,"column":44}},"4":{"start":{"line":10,"column":0},"end":{"line":29,"column":3}},"5":{"start":{"line":11,"column":19},"end":{"line":11,"column":31}},"6":{"start":{"line":12,"column":18},"end":{"line":12,"column":32}},"7":{"start":{"line":14,"column":4},"end":{"line":28,"column":5}},"8":{"start":{"line":15,"column":8},"end":{"line":24,"column":9}},"9":{"start":{"line":16,"column":12},"end":{"line":16,"column":89}},"10":{"start":{"line":18,"column":28},"end":{"line":18,"column":76}},"11":{"start":{"line":19,"column":12},"end":{"line":21,"column":13}},"12":{"start":{"line":20,"column":16},"end":{"line":20,"column":80}},"13":{"start":{"line":23,"column":12},"end":{"line":23,"column":49}},"14":{"start":{"line":27,"column":8},"end":{"line":27,"column":16}},"15":{"start":{"line":32,"column":0},"end":{"line":41,"column":3}},"16":{"start":{"line":33,"column":23},"end":{"line":33,"column":48}},"17":{"start":{"line":35,"column":4},"end":{"line":37,"column":5}},"18":{"start":{"line":36,"column":8},"end":{"line":36,"column":84}},"19":{"start":{"line":38,"column":21},"end":{"line":38,"column":51}},"20":{"start":{"line":39,"column":4},"end":{"line":39,"column":30}},"21":{"start":{"line":44,"column":0},"end":{"line":64,"column":3}},"22":{"start":{"line":45,"column":18},"end":{"line":45,"column":32}},"23":{"start":{"line":47,"column":4},"end":{"line":62,"column":5}},"24":{"start":{"line":50,"column":8},"end":{"line":52,"column":9}},"25":{"start":{"line":51,"column":12},"end":{"line":51,"column":95}},"26":{"start":{"line":53,"column":24},"end":{"line":53,"column":70}},"27":{"start":{"line":54,"column":8},"end":{"line":56,"column":9}},"28":{"start":{"line":55,"column":12},"end":{"line":55,"column":70}},"29":{"start":{"line":58,"column":8},"end":{"line":58,"column":45}},"30":{"start":{"line":61,"column":8},"end":{"line":61,"column":16}},"31":{"start":{"line":67,"column":0},"end":{"line":69,"column":3}},"32":{"start":{"line":73,"column":0},"end":{"line":75,"column":3}},"33":{"start":{"line":77,"column":0},"end":{"line":77,"column":24}}},"fnMap":{"0":{"name":"(anonymous_0)","decl":{"start":{"line":10,"column":33},"end":{"line":10,"column":34}},"loc":{"start":{"line":10,"column":59},"end":{"line":29,"column":1}},"line":10},"1":{"name":"(anonymous_1)","decl":{"start":{"line":32,"column":32},"end":{"line":32,"column":33}},"loc":{"start":{"line":32,"column":58},"end":{"line":41,"column":1}},"line":32},"2":{"name":"(anonymous_2)","decl":{"start":{"line":44,"column":35},"end":{"line":44,"column":36}},"loc":{"start":{"line":44,"column":61},"end":{"line":64,"column":1}},"line":44},"3":{"name":"(anonymous_3)","decl":{"start":{"line":67,"column":35},"end":{"line":67,"column":36}},"loc":{"start":{"line":67,"column":61},"end":{"line":69,"column":1}},"line":67},"4":{"name":"(anonymous_4)","decl":{"start":{"line":73,"column":46},"end":{"line":73,"column":47}},"loc":{"start":{"line":73,"column":72},"end":{"line":75,"column":1}},"line":73}},"branchMap":{"0":{"loc":{"start":{"line":15,"column":8},"end":{"line":24,"column":9}},"type":"if","locations":[{"start":{"line":15,"column":8},"end":{"line":24,"column":9}},{"start":{"line":17,"column":15},"end":{"line":24,"column":9}}],"line":15},"1":{"loc":{"start":{"line":15,"column":12},"end":{"line":15,"column":47}},"type":"binary-expr","locations":[{"start":{"line":15,"column":12},"end":{"line":15,"column":18}},{"start":{"line":15,"column":22},"end":{"line":15,"column":47}}],"line":15},"2":{"loc":{"start":{"line":19,"column":12},"end":{"line":21,"column":13}},"type":"if","locations":[{"start":{"line":19,"column":12},"end":{"line":21,"column":13}},{"start":{},"end":{}}],"line":19},"3":{"loc":{"start":{"line":35,"column":4},"end":{"line":37,"column":5}},"type":"if","locations":[{"start":{"line":35,"column":4},"end":{"line":37,"column":5}},{"start":{},"end":{}}],"line":35},"4":{"loc":{"start":{"line":35,"column":8},"end":{"line":35,"column":56}},"type":"binary-expr","locations":[{"start":{"line":35,"column":8},"end":{"line":35,"column":19}},{"start":{"line":35,"column":23},"end":{"line":35,"column":56}}],"line":35},"5":{"loc":{"start":{"line":50,"column":8},"end":{"line":52,"column":9}},"type":"if","locations":[{"start":{"line":50,"column":8},"end":{"line":52,"column":9}},{"start":{},"end":{}}],"line":50},"6":{"loc":{"start":{"line":50,"column":12},"end":{"line":50,"column":49}},"type":"binary-expr","locations":[{"start":{"line":50,"column":12},"end":{"line":50,"column":18}},{"start":{"line":50,"column":23},"end":{"line":50,"column":48}}],"line":50},"7":{"loc":{"start":{"line":54,"column":8},"end":{"line":56,"column":9}},"type":"if","locations":[{"start":{"line":54,"column":8},"end":{"line":56,"column":9}},{"start":{},"end":{}}],"line":54}},"s":{"0":2,"1":2,"2":2,"3":2,"4":2,"5":0,"6":0,"7":0,"8":0,"9":0,"10":0,"11":0,"12":0,"13":0,"14":0,"15":2,"16":0,"17":0,"18":0,"19":0,"20":0,"21":2,"22":0,"23":0,"24":0,"25":0,"26":0,"27":0,"28":0,"29":0,"30":0,"31":2,"32":2,"33":2},"f":{"0":0,"1":0,"2":0,"3":0,"4":0},"b":{"0":[0,0],"1":[0,0],"2":[0,0],"3":[0,0],"4":[0,0],"5":[0,0],"6":[0,0],"7":[0,0]},"_coverageSchema":"1a1c01bbd47fc00a2c39e90264f33305004495a9","hash":"184f4a3269b918b4183d2767f3197ef72a36f3e9"}
,"/Users/bentley/JSClass/tome-project/server/routes/auth.js": {"path":"/Users/bentley/JSClass/tome-project/server/routes/auth.js","statementMap":{"0":{"start":{"line":2,"column":17},"end":{"line":2,"column":35}},"1":{"start":{"line":3,"column":15},"end":{"line":3,"column":23}},"2":{"start":{"line":4,"column":12},"end":{"line":4,"column":35}},"3":{"start":{"line":5,"column":16},"end":{"line":5,"column":39}},"4":{"start":{"line":6,"column":15},"end":{"line":6,"column":32}},"5":{"start":{"line":10,"column":15},"end":{"line":10,"column":37}},"6":{"start":{"line":14,"column":4},"end":{"line":45,"column":5}},"7":{"start":{"line":16,"column":27},"end":{"line":16,"column":52}},"8":{"start":{"line":19,"column":8},"end":{"line":21,"column":9}},"9":{"start":{"line":20,"column":12},"end":{"line":20,"column":87}},"10":{"start":{"line":26,"column":22},"end":{"line":26,"column":46}},"11":{"start":{"line":29,"column":8},"end":{"line":39,"column":9}},"12":{"start":{"line":31,"column":28},"end":{"line":31,"column":53}},"13":{"start":{"line":32,"column":12},"end":{"line":32,"column":31}},"14":{"start":{"line":35,"column":12},"end":{"line":35,"column":19}},"15":{"start":{"line":38,"column":12},"end":{"line":38,"column":72}},"16":{"start":{"line":43,"column":8},"end":{"line":43,"column":29}},"17":{"start":{"line":44,"column":8},"end":{"line":44,"column":92}},"18":{"start":{"line":51,"column":20},"end":{"line":55,"column":5}},"19":{"start":{"line":59,"column":18},"end":{"line":59,"column":64}},"20":{"start":{"line":60,"column":4},"end":{"line":60,"column":17}},"21":{"start":{"line":64,"column":0},"end":{"line":96,"column":3}},"22":{"start":{"line":65,"column":4},"end":{"line":95,"column":5}},"23":{"start":{"line":66,"column":36},"end":{"line":66,"column":44}},"24":{"start":{"line":68,"column":8},"end":{"line":70,"column":9}},"25":{"start":{"line":69,"column":12},"end":{"line":69,"column":87}},"26":{"start":{"line":74,"column":29},"end":{"line":74,"column":64}},"27":{"start":{"line":75,"column":8},"end":{"line":77,"column":9}},"28":{"start":{"line":76,"column":12},"end":{"line":76,"column":105}},"29":{"start":{"line":80,"column":29},"end":{"line":80,"column":60}},"30":{"start":{"line":83,"column":24},"end":{"line":83,"column":71}},"31":{"start":{"line":85,"column":8},"end":{"line":87,"column":9}},"32":{"start":{"line":86,"column":12},"end":{"line":86,"column":121}},"33":{"start":{"line":89,"column":22},"end":{"line":89,"column":42}},"34":{"start":{"line":91,"column":8},"end":{"line":91,"column":37}},"35":{"start":{"line":93,"column":8},"end":{"line":93,"column":43}},"36":{"start":{"line":94,"column":8},"end":{"line":94,"column":81}},"37":{"start":{"line":99,"column":0},"end":{"line":119,"column":3}},"38":{"start":{"line":100,"column":4},"end":{"line":118,"column":5}},"39":{"start":{"line":101,"column":34},"end":{"line":101,"column":42}},"40":{"start":{"line":102,"column":8},"end":{"line":104,"column":9}},"41":{"start":{"line":103,"column":12},"end":{"line":103,"column":86}},"42":{"start":{"line":106,"column":21},"end":{"line":106,"column":57}},"43":{"start":{"line":108,"column":8},"end":{"line":110,"column":9}},"44":{"start":{"line":109,"column":12},"end":{"line":109,"column":78}},"45":{"start":{"line":112,"column":22},"end":{"line":112,"column":39}},"46":{"start":{"line":115,"column":8},"end":{"line":115,"column":26}},"47":{"start":{"line":117,"column":8},"end":{"line":117,"column":18}},"48":{"start":{"line":123,"column":4},"end":{"line":130,"column":7}},"49":{"start":{"line":124,"column":8},"end":{"line":127,"column":9}},"50":{"start":{"line":125,"column":12},"end":{"line":125,"column":49}},"51":{"start":{"line":126,"column":12},"end":{"line":126,"column":57}},"52":{"start":{"line":128,"column":8},"end":{"line":128,"column":39}},"53":{"start":{"line":129,"column":8},"end":{"line":129,"column":44}},"54":{"start":{"line":134,"column":0},"end":{"line":164,"column":3}},"55":{"start":{"line":135,"column":4},"end":{"line":163,"column":5}},"56":{"start":{"line":136,"column":34},"end":{"line":136,"column":42}},"57":{"start":{"line":139,"column":8},"end":{"line":141,"column":9}},"58":{"start":{"line":140,"column":12},"end":{"line":140,"column":73}},"59":{"start":{"line":143,"column":8},"end":{"line":145,"column":9}},"60":{"start":{"line":144,"column":12},"end":{"line":144,"column":97}},"61":{"start":{"line":147,"column":21},"end":{"line":147,"column":60}},"62":{"start":{"line":148,"column":8},"end":{"line":150,"column":9}},"63":{"start":{"line":149,"column":12},"end":{"line":149,"column":84}},"64":{"start":{"line":153,"column":29},"end":{"line":153,"column":60}},"65":{"start":{"line":155,"column":8},"end":{"line":155,"column":65}},"66":{"start":{"line":157,"column":22},"end":{"line":157,"column":39}},"67":{"start":{"line":159,"column":8},"end":{"line":159,"column":38}},"68":{"start":{"line":162,"column":8},"end":{"line":162,"column":18}},"69":{"start":{"line":166,"column":0},"end":{"line":166,"column":43}}},"fnMap":{"0":{"name":"authMiddleware","decl":{"start":{"line":13,"column":15},"end":{"line":13,"column":29}},"loc":{"start":{"line":13,"column":46},"end":{"line":46,"column":1}},"line":13},"1":{"name":"createToken","decl":{"start":{"line":49,"column":9},"end":{"line":49,"column":20}},"loc":{"start":{"line":49,"column":27},"end":{"line":61,"column":1}},"line":49},"2":{"name":"(anonymous_2)","decl":{"start":{"line":64,"column":23},"end":{"line":64,"column":24}},"loc":{"start":{"line":64,"column":49},"end":{"line":96,"column":1}},"line":64},"3":{"name":"(anonymous_3)","decl":{"start":{"line":99,"column":22},"end":{"line":99,"column":23}},"loc":{"start":{"line":99,"column":48},"end":{"line":119,"column":1}},"line":99},"4":{"name":"logout","decl":{"start":{"line":122,"column":9},"end":{"line":122,"column":15}},"loc":{"start":{"line":122,"column":26},"end":{"line":131,"column":1}},"line":122},"5":{"name":"(anonymous_5)","decl":{"start":{"line":123,"column":24},"end":{"line":123,"column":25}},"loc":{"start":{"line":123,"column":33},"end":{"line":130,"column":5}},"line":123},"6":{"name":"(anonymous_6)","decl":{"start":{"line":134,"column":40},"end":{"line":134,"column":41}},"loc":{"start":{"line":134,"column":66},"end":{"line":164,"column":1}},"line":134}},"branchMap":{"0":{"loc":{"start":{"line":19,"column":8},"end":{"line":21,"column":9}},"type":"if","locations":[{"start":{"line":19,"column":8},"end":{"line":21,"column":9}},{"start":{},"end":{}}],"line":19},"1":{"loc":{"start":{"line":19,"column":12},"end":{"line":19,"column":59}},"type":"binary-expr","locations":[{"start":{"line":19,"column":12},"end":{"line":19,"column":23}},{"start":{"line":19,"column":27},"end":{"line":19,"column":59}}],"line":19},"2":{"loc":{"start":{"line":68,"column":8},"end":{"line":70,"column":9}},"type":"if","locations":[{"start":{"line":68,"column":8},"end":{"line":70,"column":9}},{"start":{},"end":{}}],"line":68},"3":{"loc":{"start":{"line":68,"column":12},"end":{"line":68,"column":31}},"type":"binary-expr","locations":[{"start":{"line":68,"column":12},"end":{"line":68,"column":18}},{"start":{"line":68,"column":22},"end":{"line":68,"column":31}}],"line":68},"4":{"loc":{"start":{"line":75,"column":8},"end":{"line":77,"column":9}},"type":"if","locations":[{"start":{"line":75,"column":8},"end":{"line":77,"column":9}},{"start":{},"end":{}}],"line":75},"5":{"loc":{"start":{"line":85,"column":8},"end":{"line":87,"column":9}},"type":"if","locations":[{"start":{"line":85,"column":8},"end":{"line":87,"column":9}},{"start":{},"end":{}}],"line":85},"6":{"loc":{"start":{"line":102,"column":8},"end":{"line":104,"column":9}},"type":"if","locations":[{"start":{"line":102,"column":8},"end":{"line":104,"column":9}},{"start":{},"end":{}}],"line":102},"7":{"loc":{"start":{"line":102,"column":12},"end":{"line":102,"column":31}},"type":"binary-expr","locations":[{"start":{"line":102,"column":12},"end":{"line":102,"column":18}},{"start":{"line":102,"column":22},"end":{"line":102,"column":31}}],"line":102},"8":{"loc":{"start":{"line":108,"column":8},"end":{"line":110,"column":9}},"type":"if","locations":[{"start":{"line":108,"column":8},"end":{"line":110,"column":9}},{"start":{},"end":{}}],"line":108},"9":{"loc":{"start":{"line":124,"column":8},"end":{"line":127,"column":9}},"type":"if","locations":[{"start":{"line":124,"column":8},"end":{"line":127,"column":9}},{"start":{},"end":{}}],"line":124},"10":{"loc":{"start":{"line":139,"column":8},"end":{"line":141,"column":9}},"type":"if","locations":[{"start":{"line":139,"column":8},"end":{"line":141,"column":9}},{"start":{},"end":{}}],"line":139},"11":{"loc":{"start":{"line":139,"column":11},"end":{"line":139,"column":47}},"type":"binary-expr","locations":[{"start":{"line":139,"column":11},"end":{"line":139,"column":26}},{"start":{"line":139,"column":30},"end":{"line":139,"column":47}}],"line":139},"12":{"loc":{"start":{"line":143,"column":8},"end":{"line":145,"column":9}},"type":"if","locations":[{"start":{"line":143,"column":8},"end":{"line":145,"column":9}},{"start":{},"end":{}}],"line":143},"13":{"loc":{"start":{"line":148,"column":8},"end":{"line":150,"column":9}},"type":"if","locations":[{"start":{"line":148,"column":8},"end":{"line":150,"column":9}},{"start":{},"end":{}}],"line":148}},"s":{"0":2,"1":2,"2":2,"3":2,"4":2,"5":2,"6":11,"7":11,"8":11,"9":4,"10":7,"11":7,"12":7,"13":3,"14":3,"15":4,"16":0,"17":0,"18":51,"19":51,"20":51,"21":2,"22":34,"23":34,"24":34,"25":2,"26":32,"27":32,"28":1,"29":31,"30":31,"31":31,"32":0,"33":31,"34":31,"35":0,"36":0,"37":2,"38":25,"39":25,"40":25,"41":2,"42":23,"43":23,"44":5,"45":18,"46":18,"47":0,"48":0,"49":0,"50":0,"51":0,"52":0,"53":0,"54":2,"55":3,"56":3,"57":3,"58":1,"59":2,"60":0,"61":2,"62":2,"63":0,"64":2,"65":2,"66":2,"67":2,"68":0,"69":2},"f":{"0":11,"1":51,"2":34,"3":25,"4":0,"5":0,"6":3},"b":{"0":[4,7],"1":[11,7],"2":[2,32],"3":[34,34],"4":[1,31],"5":[0,31],"6":[2,23],"7":[25,25],"8":[5,18],"9":[0,0],"10":[1,2],"11":[3,2],"12":[0,2],"13":[0,2]},"_coverageSchema":"1a1c01bbd47fc00a2c39e90264f33305004495a9","hash":"6849662a3446f0d2f124eb8a7f34dec223300f1b"}
,"/Users/bentley/JSClass/tome-project/server/routes/index.js": {"path":"/Users/bentley/JSClass/tome-project/server/routes/index.js","statementMap":{"0":{"start":{"line":1,"column":19},"end":{"line":1,"column":37}},"1":{"start":{"line":2,"column":15},"end":{"line":2,"column":23}},"2":{"start":{"line":4,"column":31},"end":{"line":4,"column":48}},"3":{"start":{"line":8,"column":0},"end":{"line":8,"column":32}},"4":{"start":{"line":12,"column":0},"end":{"line":12,"column":24}}},"fnMap":{},"branchMap":{},"s":{"0":2,"1":2,"2":2,"3":2,"4":2},"f":{},"b":{},"_coverageSchema":"1a1c01bbd47fc00a2c39e90264f33305004495a9","hash":"6d2910e0e1eabf6194185e22f1074b8ab273bd8c"}
,"/Users/bentley/JSClass/tome-project/server/routes/pdf.js": {"path":"/Users/bentley/JSClass/tome-project/server/routes/pdf.js","statementMap":{"0":{"start":{"line":1,"column":16},"end":{"line":1,"column":34}},"1":{"start":{"line":2,"column":20},"end":{"line":2,"column":37}},"2":{"start":{"line":4,"column":11},"end":{"line":4,"column":24}},"3":{"start":{"line":5,"column":13},"end":{"line":5,"column":28}},"4":{"start":{"line":7,"column":15},"end":{"line":7,"column":31}},"5":{"start":{"line":8,"column":27},"end":{"line":8,"column":44}},"6":{"start":{"line":9,"column":19},"end":{"line":9,"column":46}},"7":{"start":{"line":11,"column":15},"end":{"line":11,"column":55}},"8":{"start":{"line":15,"column":0},"end":{"line":17,"column":1}},"9":{"start":{"line":16,"column":4},"end":{"line":16,"column":25}},"10":{"start":{"line":19,"column":0},"end":{"line":111,"column":3}},"11":{"start":{"line":21,"column":4},"end":{"line":110,"column":5}},"12":{"start":{"line":23,"column":23},"end":{"line":23,"column":35}},"13":{"start":{"line":26,"column":8},"end":{"line":28,"column":9}},"14":{"start":{"line":27,"column":12},"end":{"line":27,"column":91}},"15":{"start":{"line":31,"column":29},"end":{"line":31,"column":73}},"16":{"start":{"line":33,"column":8},"end":{"line":35,"column":9}},"17":{"start":{"line":34,"column":12},"end":{"line":34,"column":94}},"18":{"start":{"line":38,"column":26},"end":{"line":38,"column":72}},"19":{"start":{"line":39,"column":25},"end":{"line":39,"column":52}},"20":{"start":{"line":40,"column":25},"end":{"line":40,"column":52}},"21":{"start":{"line":43,"column":20},"end":{"line":43,"column":37}},"22":{"start":{"line":45,"column":28},"end":{"line":45,"column":58}},"23":{"start":{"line":46,"column":8},"end":{"line":46,"column":30}},"24":{"start":{"line":49,"column":8},"end":{"line":49,"column":71}},"25":{"start":{"line":50,"column":8},"end":{"line":50,"column":23}},"26":{"start":{"line":53,"column":26},"end":{"line":53,"column":99}},"27":{"start":{"line":56,"column":8},"end":{"line":98,"column":10}},"28":{"start":{"line":58,"column":30},"end":{"line":58,"column":33}},"29":{"start":{"line":60,"column":27},"end":{"line":60,"column":32}},"30":{"start":{"line":62,"column":27},"end":{"line":62,"column":32}},"31":{"start":{"line":65,"column":12},"end":{"line":67,"column":15}},"32":{"start":{"line":71,"column":26},"end":{"line":71,"column":49}},"33":{"start":{"line":72,"column":26},"end":{"line":72,"column":32}},"34":{"start":{"line":75,"column":27},"end":{"line":75,"column":32}},"35":{"start":{"line":78,"column":12},"end":{"line":83,"column":19}},"36":{"start":{"line":84,"column":12},"end":{"line":84,"column":60}},"37":{"start":{"line":86,"column":12},"end":{"line":86,"column":27}},"38":{"start":{"line":89,"column":32},"end":{"line":89,"column":41}},"39":{"start":{"line":90,"column":31},"end":{"line":90,"column":45}},"40":{"start":{"line":92,"column":30},"end":{"line":92,"column":63}},"41":{"start":{"line":94,"column":12},"end":{"line":94,"column":44}},"42":{"start":{"line":97,"column":12},"end":{"line":97,"column":42}},"43":{"start":{"line":100,"column":8},"end":{"line":100,"column":18}},"44":{"start":{"line":103,"column":8},"end":{"line":105,"column":11}},"45":{"start":{"line":104,"column":12},"end":{"line":104,"column":45}},"46":{"start":{"line":108,"column":8},"end":{"line":108,"column":72}},"47":{"start":{"line":109,"column":8},"end":{"line":109,"column":66}},"48":{"start":{"line":113,"column":0},"end":{"line":113,"column":24}}},"fnMap":{"0":{"name":"(anonymous_0)","decl":{"start":{"line":19,"column":44},"end":{"line":19,"column":45}},"loc":{"start":{"line":19,"column":64},"end":{"line":111,"column":1}},"line":19},"1":{"name":"(anonymous_1)","decl":{"start":{"line":56,"column":29},"end":{"line":56,"column":30}},"loc":{"start":{"line":56,"column":45},"end":{"line":98,"column":9}},"line":56},"2":{"name":"(anonymous_2)","decl":{"start":{"line":103,"column":33},"end":{"line":103,"column":34}},"loc":{"start":{"line":103,"column":39},"end":{"line":105,"column":9}},"line":103}},"branchMap":{"0":{"loc":{"start":{"line":15,"column":0},"end":{"line":17,"column":1}},"type":"if","locations":[{"start":{"line":15,"column":0},"end":{"line":17,"column":1}},{"start":{},"end":{}}],"line":15},"1":{"loc":{"start":{"line":26,"column":8},"end":{"line":28,"column":9}},"type":"if","locations":[{"start":{"line":26,"column":8},"end":{"line":28,"column":9}},{"start":{},"end":{}}],"line":26},"2":{"loc":{"start":{"line":33,"column":8},"end":{"line":35,"column":9}},"type":"if","locations":[{"start":{"line":33,"column":8},"end":{"line":35,"column":9}},{"start":{},"end":{}}],"line":33},"3":{"loc":{"start":{"line":33,"column":12},"end":{"line":33,"column":54}},"type":"binary-expr","locations":[{"start":{"line":33,"column":12},"end":{"line":33,"column":25}},{"start":{"line":33,"column":29},"end":{"line":33,"column":54}}],"line":33},"4":{"loc":{"start":{"line":80,"column":46},"end":{"line":80,"column":78}},"type":"binary-expr","locations":[{"start":{"line":80,"column":46},"end":{"line":80,"column":55}},{"start":{"line":80,"column":59},"end":{"line":80,"column":78}}],"line":80},"5":{"loc":{"start":{"line":84,"column":32},"end":{"line":84,"column":49}},"type":"binary-expr","locations":[{"start":{"line":84,"column":32},"end":{"line":84,"column":42}},{"start":{"line":84,"column":46},"end":{"line":84,"column":49}}],"line":84}},"s":{"0":2,"1":2,"2":2,"3":2,"4":2,"5":2,"6":2,"7":2,"8":2,"9":0,"10":2,"11":0,"12":0,"13":0,"14":0,"15":0,"16":0,"17":0,"18":0,"19":0,"20":0,"21":0,"22":0,"23":0,"24":0,"25":0,"26":0,"27":0,"28":0,"29":0,"30":0,"31":0,"32":0,"33":0,"34":0,"35":0,"36":0,"37":0,"38":0,"39":0,"40":0,"41":0,"42":0,"43":0,"44":0,"45":0,"46":0,"47":0,"48":2},"f":{"0":0,"1":0,"2":0},"b":{"0":[0,2],"1":[0,0],"2":[0,0],"3":[0,0],"4":[0,0],"5":[0,0]},"_coverageSchema":"1a1c01bbd47fc00a2c39e90264f33305004495a9","hash":"4402c5f3e4a464553848c5ecc2ee5fa52eddfd2b"}
,"/Users/bentley/JSClass/tome-project/server/testing/test-utils.js": {"path":"/Users/bentley/JSClass/tome-project/server/testing/test-utils.js","statementMap":{"0":{"start":{"line":1,"column":0},"end":{"line":1,"column":27}},"1":{"start":{"line":2,"column":17},"end":{"line":2,"column":36}},"2":{"start":{"line":3,"column":15},"end":{"line":7,"column":1}},"3":{"start":{"line":9,"column":0},"end":{"line":9,"column":20}},"4":{"start":{"line":11,"column":0},"end":{"line":14,"column":2}},"5":{"start":{"line":12,"column":2},"end":{"line":12,"column":52}},"6":{"start":{"line":13,"column":2},"end":{"line":13,"column":56}},"7":{"start":{"line":13,"column":38},"end":{"line":13,"column":53}},"8":{"start":{"line":16,"column":0},"end":{"line":18,"column":2}},"9":{"start":{"line":17,"column":2},"end":{"line":17,"column":30}},"10":{"start":{"line":20,"column":0},"end":{"line":22,"column":2}},"11":{"start":{"line":21,"column":2},"end":{"line":21,"column":63}},"12":{"start":{"line":21,"column":42},"end":{"line":21,"column":60}},"13":{"start":{"line":24,"column":0},"end":{"line":30,"column":2}},"14":{"start":{"line":25,"column":17},"end":{"line":25,"column":50}},"15":{"start":{"line":26,"column":2},"end":{"line":28,"column":3}},"16":{"start":{"line":27,"column":4},"end":{"line":27,"column":39}},"17":{"start":{"line":29,"column":2},"end":{"line":29,"column":16}},"18":{"start":{"line":32,"column":0},"end":{"line":38,"column":2}},"19":{"start":{"line":33,"column":18},"end":{"line":33,"column":48}},"20":{"start":{"line":34,"column":2},"end":{"line":36,"column":5}},"21":{"start":{"line":35,"column":4},"end":{"line":35,"column":39}},"22":{"start":{"line":37,"column":2},"end":{"line":37,"column":17}}},"fnMap":{"0":{"name":"(anonymous_0)","decl":{"start":{"line":11,"column":27},"end":{"line":11,"column":28}},"loc":{"start":{"line":11,"column":39},"end":{"line":14,"column":1}},"line":11},"1":{"name":"(anonymous_1)","decl":{"start":{"line":13,"column":31},"end":{"line":13,"column":32}},"loc":{"start":{"line":13,"column":38},"end":{"line":13,"column":53}},"line":13},"2":{"name":"(anonymous_2)","decl":{"start":{"line":16,"column":24},"end":{"line":16,"column":25}},"loc":{"start":{"line":16,"column":36},"end":{"line":18,"column":1}},"line":16},"3":{"name":"(anonymous_3)","decl":{"start":{"line":20,"column":25},"end":{"line":20,"column":26}},"loc":{"start":{"line":20,"column":37},"end":{"line":22,"column":1}},"line":20},"4":{"name":"(anonymous_4)","decl":{"start":{"line":21,"column":31},"end":{"line":21,"column":32}},"loc":{"start":{"line":21,"column":42},"end":{"line":21,"column":60}},"line":21},"5":{"name":"(anonymous_5)","decl":{"start":{"line":24,"column":25},"end":{"line":24,"column":26}},"loc":{"start":{"line":24,"column":49},"end":{"line":30,"column":1}},"line":24},"6":{"name":"(anonymous_6)","decl":{"start":{"line":32,"column":22},"end":{"line":32,"column":23}},"loc":{"start":{"line":32,"column":46},"end":{"line":38,"column":1}},"line":32},"7":{"name":"(anonymous_7)","decl":{"start":{"line":34,"column":18},"end":{"line":34,"column":19}},"loc":{"start":{"line":34,"column":30},"end":{"line":36,"column":3}},"line":34}},"branchMap":{"0":{"loc":{"start":{"line":26,"column":2},"end":{"line":28,"column":3}},"type":"if","locations":[{"start":{"line":26,"column":2},"end":{"line":28,"column":3}},{"start":{},"end":{}}],"line":26}},"s":{"0":2,"1":2,"2":2,"3":2,"4":2,"5":2,"6":2,"7":2,"8":2,"9":2,"10":2,"11":28,"12":28,"13":2,"14":0,"15":0,"16":0,"17":0,"18":2,"19":0,"20":0,"21":0,"22":0},"f":{"0":2,"1":2,"2":2,"3":28,"4":28,"5":0,"6":0,"7":0},"b":{"0":[0,0]},"_coverageSchema":"1a1c01bbd47fc00a2c39e90264f33305004495a9","hash":"419c89de224759009cd75dbfb4dc3b34d532de97"}
}
