TN:
SF:server.js
FNF:0
FNH:0
DA:2,2
DA:3,2
DA:4,2
DA:6,2
DA:7,2
DA:8,2
DA:9,2
DA:10,2
DA:13,2
DA:14,2
DA:16,2
DA:23,2
DA:24,2
DA:25,2
DA:26,2
DA:30,2
DA:31,0
DA:38,2
LF:18
LH:17
BRDA:30,0,0,0
BRDA:30,0,1,2
BRF:2
BRH:1
end_of_record
TN:
SF:daos/artworks.js
FN:16,(anonymous_0)
FN:24,(anonymous_1)
FN:35,(anonymous_2)
FN:37,(anonymous_3)
FN:46,(anonymous_4)
FN:51,(anonymous_5)
FN:57,(anonymous_6)
FNF:7
FNH:0
FNDA:0,(anonymous_0)
FNDA:0,(anonymous_1)
FNDA:0,(anonymous_2)
FNDA:0,(anonymous_3)
FNDA:0,(anonymous_4)
FNDA:0,(anonymous_5)
FNDA:0,(anonymous_6)
DA:3,2
DA:4,2
DA:5,2
DA:6,2
DA:9,2
DA:16,2
DA:17,0
DA:20,0
DA:24,2
DA:25,0
DA:26,0
DA:28,0
DA:29,0
DA:30,0
DA:31,0
DA:35,2
DA:36,0
DA:37,0
DA:46,2
DA:47,0
DA:51,2
DA:52,0
DA:53,0
DA:57,2
DA:58,0
DA:59,0
DA:61,0
DA:65,0
LF:28
LH:11
BRDA:25,0,0,0
BRDA:25,0,1,0
BRDA:25,1,0,0
BRDA:25,1,1,0
BRDA:58,2,0,0
BRDA:58,2,1,0
BRDA:58,3,0,0
BRDA:58,3,1,0
BRF:8
BRH:0
end_of_record
TN:
SF:daos/auth.js
FN:7,createUser
FN:21,login
FN:34,changePswd
FN:48,getUserByEmail
FN:53,getUserById
FN:60,updateUserPassword
FNF:6
FNH:5
FNDA:31,createUser
FNDA:23,login
FNDA:0,changePswd
FNDA:32,getUserByEmail
FNDA:2,getUserById
FNDA:2,updateUserPassword
DA:2,2
DA:3,2
DA:4,2
DA:9,31
DA:10,31
DA:11,0
DA:12,0
DA:15,31
DA:16,31
DA:22,23
DA:23,23
DA:24,1
DA:25,1
DA:29,22
DA:30,22
DA:36,0
DA:39,0
DA:40,0
DA:43,0
DA:44,0
DA:49,32
DA:54,2
DA:61,2
DA:65,2
LF:24
LH:17
BRDA:7,0,0,31
BRDA:10,1,0,0
BRDA:10,1,1,31
BRDA:23,2,0,1
BRDA:23,2,1,22
BRDA:30,3,0,18
BRDA:30,3,1,4
BRDA:39,4,0,0
BRDA:39,4,1,0
BRF:9
BRH:6
end_of_record
TN:
SF:daos/tags.js
FN:8,(anonymous_0)
FN:19,(anonymous_1)
FNF:2
FNH:0
FNDA:0,(anonymous_0)
FNDA:0,(anonymous_1)
DA:3,2
DA:5,2
DA:8,2
DA:9,0
DA:10,0
DA:12,0
DA:13,0
DA:14,0
DA:15,0
DA:19,2
DA:20,0
DA:21,0
LF:12
LH:4
BRDA:9,0,0,0
BRDA:9,0,1,0
BRDA:9,1,0,0
BRDA:9,1,1,0
BRF:4
BRH:0
end_of_record
TN:
SF:models/artwork.js
FNF:0
FNH:0
DA:2,2
DA:4,2
DA:22,2
LF:3
LH:3
BRF:0
BRH:0
end_of_record
TN:
SF:models/tags.js
FNF:0
FNH:0
DA:1,2
DA:3,2
DA:9,2
LF:3
LH:3
BRF:0
BRH:0
end_of_record
TN:
SF:models/user.js
FNF:0
FNH:0
DA:2,2
DA:4,2
DA:13,2
DA:15,2
LF:4
LH:4
BRF:0
BRH:0
end_of_record
TN:
SF:routes/artworks.js
FN:22,(anonymous_0)
FN:51,(anonymous_1)
FN:65,(anonymous_2)
FNF:3
FNH:0
FNDA:0,(anonymous_0)
FNDA:0,(anonymous_1)
FNDA:0,(anonymous_2)
DA:3,2
DA:4,2
DA:5,2
DA:6,2
DA:7,2
DA:8,2
DA:10,2
DA:11,2
DA:12,2
DA:13,2
DA:16,2
DA:17,2
DA:22,2
DA:23,0
DA:24,0
DA:26,0
DA:27,0
DA:28,0
DA:30,0
DA:31,0
DA:32,0
DA:35,0
DA:36,0
DA:37,0
DA:38,0
DA:39,0
DA:40,0
DA:42,0
DA:46,0
DA:51,2
DA:52,0
DA:54,0
DA:55,0
DA:58,0
DA:59,0
DA:60,0
DA:65,2
DA:66,0
DA:68,0
DA:71,0
DA:72,0
DA:74,0
DA:75,0
DA:76,0
DA:79,0
DA:82,0
DA:98,2
LF:47
LH:16
BRDA:27,0,0,0
BRDA:27,0,1,0
BRDA:27,1,0,0
BRDA:27,1,1,0
BRDA:31,2,0,0
BRDA:31,2,1,0
BRDA:54,3,0,0
BRDA:54,3,1,0
BRDA:54,4,0,0
BRDA:54,4,1,0
BRDA:71,5,0,0
BRDA:71,5,1,0
BRDA:71,6,0,0
BRDA:71,6,1,0
BRDA:75,7,0,0
BRDA:75,7,1,0
BRF:16
BRH:0
end_of_record
TN:
SF:routes/auth.js
FN:13,authMiddleware
FN:51,createToken
FN:66,(anonymous_2)
FN:103,(anonymous_3)
FN:126,logout
FN:127,(anonymous_5)
FN:138,(anonymous_6)
FNF:7
FNH:5
FNDA:11,authMiddleware
FNDA:51,createToken
FNDA:34,(anonymous_2)
FNDA:25,(anonymous_3)
FNDA:0,logout
FNDA:0,(anonymous_5)
FNDA:3,(anonymous_6)
DA:2,2
DA:3,2
DA:4,2
DA:5,2
DA:6,2
DA:10,2
DA:14,11
DA:16,11
DA:19,11
DA:20,4
DA:26,7
DA:29,7
DA:31,7
DA:32,3
DA:35,3
DA:38,4
DA:45,0
DA:46,0
DA:53,51
DA:61,51
DA:62,51
DA:66,2
DA:67,34
DA:68,34
DA:70,34
DA:71,2
DA:76,32
DA:77,32
DA:78,1
DA:82,31
DA:85,31
DA:87,31
DA:88,0
DA:91,31
DA:93,31
DA:95,31
DA:97,0
DA:98,0
DA:103,2
DA:104,25
DA:105,25
DA:106,25
DA:107,2
DA:110,23
DA:112,23
DA:113,5
DA:116,18
DA:119,18
DA:121,0
DA:127,0
DA:128,0
DA:129,0
DA:130,0
DA:132,0
DA:133,0
DA:138,2
DA:139,3
DA:140,3
DA:143,3
DA:144,1
DA:147,2
DA:148,0
DA:151,2
DA:152,2
DA:153,0
DA:157,2
DA:159,2
DA:161,2
DA:163,2
DA:166,0
DA:170,2
LF:71
LH:56
BRDA:19,0,0,4
BRDA:19,0,1,7
BRDA:19,1,0,11
BRDA:19,1,1,7
BRDA:70,2,0,2
BRDA:70,2,1,32
BRDA:70,3,0,34
BRDA:70,3,1,34
BRDA:77,4,0,1
BRDA:77,4,1,31
BRDA:87,5,0,0
BRDA:87,5,1,31
BRDA:106,6,0,2
BRDA:106,6,1,23
BRDA:106,7,0,25
BRDA:106,7,1,25
BRDA:112,8,0,5
BRDA:112,8,1,18
BRDA:128,9,0,0
BRDA:128,9,1,0
BRDA:143,10,0,1
BRDA:143,10,1,2
BRDA:143,11,0,3
BRDA:143,11,1,2
BRDA:147,12,0,0
BRDA:147,12,1,2
BRDA:152,13,0,0
BRDA:152,13,1,2
BRF:28
BRH:23
end_of_record
TN:
SF:routes/index.js
FNF:0
FNH:0
DA:1,2
DA:2,2
DA:4,2
DA:5,2
DA:6,2
DA:7,2
DA:9,2
DA:10,2
DA:11,2
DA:12,2
DA:14,2
LF:11
LH:11
BRF:0
BRH:0
end_of_record
TN:
SF:routes/pdf.js
FN:19,(anonymous_0)
FN:56,(anonymous_1)
FN:103,(anonymous_2)
FNF:3
FNH:0
FNDA:0,(anonymous_0)
FNDA:0,(anonymous_1)
FNDA:0,(anonymous_2)
DA:1,2
DA:2,2
DA:4,2
DA:5,2
DA:7,2
DA:8,2
DA:9,2
DA:11,2
DA:15,2
DA:16,0
DA:19,2
DA:21,0
DA:23,0
DA:26,0
DA:27,0
DA:31,0
DA:33,0
DA:34,0
DA:38,0
DA:39,0
DA:40,0
DA:43,0
DA:45,0
DA:46,0
DA:49,0
DA:50,0
DA:53,0
DA:56,0
DA:58,0
DA:60,0
DA:62,0
DA:65,0
DA:71,0
DA:72,0
DA:75,0
DA:78,0
DA:84,0
DA:86,0
DA:89,0
DA:90,0
DA:92,0
DA:94,0
DA:97,0
DA:100,0
DA:103,0
DA:104,0
DA:108,0
DA:109,0
DA:113,2
LF:49
LH:11
BRDA:15,0,0,0
BRDA:15,0,1,2
BRDA:26,1,0,0
BRDA:26,1,1,0
BRDA:33,2,0,0
BRDA:33,2,1,0
BRDA:33,3,0,0
BRDA:33,3,1,0
BRDA:80,4,0,0
BRDA:80,4,1,0
BRDA:84,5,0,0
BRDA:84,5,1,0
BRF:12
BRH:1
end_of_record
TN:
SF:routes/tags.js
FN:8,(anonymous_0)
FN:13,(anonymous_1)
FNF:2
FNH:0
FNDA:0,(anonymous_0)
FNDA:0,(anonymous_1)
DA:1,2
DA:2,2
DA:4,2
DA:5,2
DA:8,2
DA:13,2
DA:14,0
DA:15,0
DA:33,2
LF:9
LH:7
BRF:0
BRH:0
end_of_record
TN:
SF:testing/test-utils.js
FN:11,(anonymous_0)
FN:13,(anonymous_1)
FN:16,(anonymous_2)
FN:20,(anonymous_3)
FN:21,(anonymous_4)
FN:24,(anonymous_5)
FN:32,(anonymous_6)
FN:34,(anonymous_7)
FNF:8
FNH:5
FNDA:2,(anonymous_0)
FNDA:2,(anonymous_1)
FNDA:2,(anonymous_2)
FNDA:28,(anonymous_3)
FNDA:28,(anonymous_4)
FNDA:0,(anonymous_5)
FNDA:0,(anonymous_6)
FNDA:0,(anonymous_7)
DA:1,2
DA:2,2
DA:3,2
DA:9,2
DA:11,2
DA:12,2
DA:13,2
DA:16,2
DA:17,2
DA:20,2
DA:21,28
DA:24,2
DA:25,0
DA:26,0
DA:27,0
DA:29,0
DA:32,2
DA:33,0
DA:34,0
DA:35,0
DA:37,0
LF:21
LH:13
BRDA:26,0,0,0
BRDA:26,0,1,0
BRF:2
BRH:0
end_of_record
